{"total": {"lines":{"total":1835,"covered":665,"skipped":0,"pct":36.23},"statements":{"total":1969,"covered":692,"skipped":0,"pct":35.14},"functions":{"total":357,"covered":155,"skipped":0,"pct":43.41},"branches":{"total":1326,"covered":292,"skipped":0,"pct":22.02},"branchesTrue":{"total":0,"covered":0,"skipped":0,"pct":100}}
,"/home/joao-pedro/docs/jp/palacio-branco-entreprises/src/main.js": {"lines":{"total":100,"covered":75,"skipped":0,"pct":75},"functions":{"total":16,"covered":11,"skipped":0,"pct":68.75},"statements":{"total":101,"covered":76,"skipped":0,"pct":75.24},"branches":{"total":40,"covered":22,"skipped":0,"pct":55}}
,"/home/joao-pedro/docs/jp/palacio-branco-entreprises/src/router.js": {"lines":{"total":44,"covered":37,"skipped":0,"pct":84.09},"functions":{"total":8,"covered":8,"skipped":0,"pct":100},"statements":{"total":45,"covered":37,"skipped":0,"pct":82.22},"branches":{"total":31,"covered":18,"skipped":0,"pct":58.06}}
,"/home/joao-pedro/docs/jp/palacio-branco-entreprises/src/components/AttributeTooltip.js": {"lines":{"total":144,"covered":9,"skipped":0,"pct":6.25},"functions":{"total":18,"covered":1,"skipped":0,"pct":5.55},"statements":{"total":153,"covered":9,"skipped":0,"pct":5.88},"branches":{"total":130,"covered":0,"skipped":0,"pct":0}}
,"/home/joao-pedro/docs/jp/palacio-branco-entreprises/src/components/Calculator.js": {"lines":{"total":252,"covered":3,"skipped":0,"pct":1.19},"functions":{"total":26,"covered":2,"skipped":0,"pct":7.69},"statements":{"total":265,"covered":3,"skipped":0,"pct":1.13},"branches":{"total":269,"covered":0,"skipped":0,"pct":0}}
,"/home/joao-pedro/docs/jp/palacio-branco-entreprises/src/components/CharacterCard.js": {"lines":{"total":11,"covered":11,"skipped":0,"pct":100},"functions":{"total":5,"covered":5,"skipped":0,"pct":100},"statements":{"total":12,"covered":12,"skipped":0,"pct":100},"branches":{"total":13,"covered":10,"skipped":0,"pct":76.92}}
,"/home/joao-pedro/docs/jp/palacio-branco-entreprises/src/components/ExportCharacterData.js": {"lines":{"total":115,"covered":7,"skipped":0,"pct":6.08},"functions":{"total":22,"covered":4,"skipped":0,"pct":18.18},"statements":{"total":124,"covered":8,"skipped":0,"pct":6.45},"branches":{"total":64,"covered":1,"skipped":0,"pct":1.56}}
,"/home/joao-pedro/docs/jp/palacio-branco-entreprises/src/components/ExportModifierData.js": {"lines":{"total":112,"covered":0,"skipped":0,"pct":0},"functions":{"total":24,"covered":0,"skipped":0,"pct":0},"statements":{"total":126,"covered":0,"skipped":0,"pct":0},"branches":{"total":48,"covered":0,"skipped":0,"pct":0}}
,"/home/joao-pedro/docs/jp/palacio-branco-entreprises/src/components/FilterBar.js": {"lines":{"total":84,"covered":1,"skipped":0,"pct":1.19},"functions":{"total":15,"covered":1,"skipped":0,"pct":6.66},"statements":{"total":85,"covered":1,"skipped":0,"pct":1.17},"branches":{"total":69,"covered":0,"skipped":0,"pct":0}}
,"/home/joao-pedro/docs/jp/palacio-branco-entreprises/src/components/Footer.js": {"lines":{"total":1,"covered":1,"skipped":0,"pct":100},"functions":{"total":1,"covered":1,"skipped":0,"pct":100},"statements":{"total":1,"covered":1,"skipped":0,"pct":100},"branches":{"total":0,"covered":0,"skipped":0,"pct":100}}
,"/home/joao-pedro/docs/jp/palacio-branco-entreprises/src/components/Navigation.js": {"lines":{"total":31,"covered":6,"skipped":0,"pct":19.35},"functions":{"total":12,"covered":5,"skipped":0,"pct":41.66},"statements":{"total":33,"covered":6,"skipped":0,"pct":18.18},"branches":{"total":20,"covered":0,"skipped":0,"pct":0}}
,"/home/joao-pedro/docs/jp/palacio-branco-entreprises/src/components/TierTable.js": {"lines":{"total":61,"covered":11,"skipped":0,"pct":18.03},"functions":{"total":10,"covered":1,"skipped":0,"pct":10},"statements":{"total":64,"covered":11,"skipped":0,"pct":17.18},"branches":{"total":43,"covered":3,"skipped":0,"pct":6.97}}
,"/home/joao-pedro/docs/jp/palacio-branco-entreprises/src/components/VariantCard.js": {"lines":{"total":64,"covered":26,"skipped":0,"pct":40.62},"functions":{"total":16,"covered":2,"skipped":0,"pct":12.5},"statements":{"total":71,"covered":26,"skipped":0,"pct":36.61},"branches":{"total":92,"covered":34,"skipped":0,"pct":36.95}}
,"/home/joao-pedro/docs/jp/palacio-branco-entreprises/src/config/constants.js": {"lines":{"total":9,"covered":9,"skipped":0,"pct":100},"functions":{"total":0,"covered":0,"skipped":0,"pct":100},"statements":{"total":9,"covered":9,"skipped":0,"pct":100},"branches":{"total":0,"covered":0,"skipped":0,"pct":100}}
,"/home/joao-pedro/docs/jp/palacio-branco-entreprises/src/data/attributeData.js": {"lines":{"total":7,"covered":7,"skipped":0,"pct":100},"functions":{"total":2,"covered":2,"skipped":0,"pct":100},"statements":{"total":8,"covered":8,"skipped":0,"pct":100},"branches":{"total":0,"covered":0,"skipped":0,"pct":100}}
,"/home/joao-pedro/docs/jp/palacio-branco-entreprises/src/data/characterProfiles.js": {"lines":{"total":5,"covered":5,"skipped":0,"pct":100},"functions":{"total":2,"covered":2,"skipped":0,"pct":100},"statements":{"total":6,"covered":6,"skipped":0,"pct":100},"branches":{"total":7,"covered":5,"skipped":0,"pct":71.42}}
,"/home/joao-pedro/docs/jp/palacio-branco-entreprises/src/data/effectData.js": {"lines":{"total":8,"covered":8,"skipped":0,"pct":100},"functions":{"total":2,"covered":2,"skipped":0,"pct":100},"statements":{"total":9,"covered":9,"skipped":0,"pct":100},"branches":{"total":6,"covered":6,"skipped":0,"pct":100}}
,"/home/joao-pedro/docs/jp/palacio-branco-entreprises/src/data/elementEffectsData.js": {"lines":{"total":3,"covered":3,"skipped":0,"pct":100},"functions":{"total":2,"covered":2,"skipped":0,"pct":100},"statements":{"total":3,"covered":3,"skipped":0,"pct":100},"branches":{"total":2,"covered":2,"skipped":0,"pct":100}}
,"/home/joao-pedro/docs/jp/palacio-branco-entreprises/src/data/exclusiveVariants.js": {"lines":{"total":2,"covered":2,"skipped":0,"pct":100},"functions":{"total":1,"covered":1,"skipped":0,"pct":100},"statements":{"total":2,"covered":2,"skipped":0,"pct":100},"branches":{"total":2,"covered":2,"skipped":0,"pct":100}}
,"/home/joao-pedro/docs/jp/palacio-branco-entreprises/src/data/portraitMap.js": {"lines":{"total":4,"covered":4,"skipped":0,"pct":100},"functions":{"total":1,"covered":1,"skipped":0,"pct":100},"statements":{"total":4,"covered":4,"skipped":0,"pct":100},"branches":{"total":4,"covered":4,"skipped":0,"pct":100}}
,"/home/joao-pedro/docs/jp/palacio-branco-entreprises/src/data/variantClasses.js": {"lines":{"total":5,"covered":5,"skipped":0,"pct":100},"functions":{"total":1,"covered":1,"skipped":0,"pct":100},"statements":{"total":5,"covered":5,"skipped":0,"pct":100},"branches":{"total":2,"covered":2,"skipped":0,"pct":100}}
,"/home/joao-pedro/docs/jp/palacio-branco-entreprises/src/data/variantImages.js": {"lines":{"total":5,"covered":5,"skipped":0,"pct":100},"functions":{"total":2,"covered":2,"skipped":0,"pct":100},"statements":{"total":5,"covered":5,"skipped":0,"pct":100},"branches":{"total":4,"covered":4,"skipped":0,"pct":100}}
,"/home/joao-pedro/docs/jp/palacio-branco-entreprises/src/pages/catalysts.js": {"lines":{"total":45,"covered":24,"skipped":0,"pct":53.33},"functions":{"total":15,"covered":9,"skipped":0,"pct":60},"statements":{"total":54,"covered":27,"skipped":0,"pct":50},"branches":{"total":30,"covered":17,"skipped":0,"pct":56.66}}
,"/home/joao-pedro/docs/jp/palacio-branco-entreprises/src/pages/character-detail.js": {"lines":{"total":53,"covered":19,"skipped":0,"pct":35.84},"functions":{"total":7,"covered":2,"skipped":0,"pct":28.57},"statements":{"total":54,"covered":19,"skipped":0,"pct":35.18},"branches":{"total":32,"covered":10,"skipped":0,"pct":31.25}}
,"/home/joao-pedro/docs/jp/palacio-branco-entreprises/src/pages/character-profile.js": {"lines":{"total":179,"covered":11,"skipped":0,"pct":6.14},"functions":{"total":37,"covered":0,"skipped":0,"pct":0},"statements":{"total":202,"covered":11,"skipped":0,"pct":5.44},"branches":{"total":147,"covered":0,"skipped":0,"pct":0}}
,"/home/joao-pedro/docs/jp/palacio-branco-entreprises/src/pages/characters.js": {"lines":{"total":5,"covered":5,"skipped":0,"pct":100},"functions":{"total":2,"covered":2,"skipped":0,"pct":100},"statements":{"total":5,"covered":5,"skipped":0,"pct":100},"branches":{"total":2,"covered":2,"skipped":0,"pct":100}}
,"/home/joao-pedro/docs/jp/palacio-branco-entreprises/src/pages/guide.js": {"lines":{"total":138,"covered":51,"skipped":0,"pct":36.95},"functions":{"total":33,"covered":15,"skipped":0,"pct":45.45},"statements":{"total":153,"covered":55,"skipped":0,"pct":35.94},"branches":{"total":106,"covered":32,"skipped":0,"pct":30.18}}
,"/home/joao-pedro/docs/jp/palacio-branco-entreprises/src/pages/home.js": {"lines":{"total":1,"covered":1,"skipped":0,"pct":100},"functions":{"total":2,"covered":1,"skipped":0,"pct":50},"statements":{"total":1,"covered":1,"skipped":0,"pct":100},"branches":{"total":0,"covered":0,"skipped":0,"pct":100}}
,"/home/joao-pedro/docs/jp/palacio-branco-entreprises/src/pages/statistics.js": {"lines":{"total":13,"covered":13,"skipped":0,"pct":100},"functions":{"total":2,"covered":2,"skipped":0,"pct":100},"statements":{"total":13,"covered":13,"skipped":0,"pct":100},"branches":{"total":2,"covered":2,"skipped":0,"pct":100}}
,"/home/joao-pedro/docs/jp/palacio-branco-entreprises/src/pages/tierlist.js": {"lines":{"total":4,"covered":4,"skipped":0,"pct":100},"functions":{"total":2,"covered":2,"skipped":0,"pct":100},"statements":{"total":4,"covered":4,"skipped":0,"pct":100},"branches":{"total":2,"covered":2,"skipped":0,"pct":100}}
,"/home/joao-pedro/docs/jp/palacio-branco-entreprises/src/pages/tutorialRendaPassiva.js": {"lines":{"total":2,"covered":1,"skipped":0,"pct":50},"functions":{"total":2,"covered":1,"skipped":0,"pct":50},"statements":{"total":2,"covered":1,"skipped":0,"pct":50},"branches":{"total":0,"covered":0,"skipped":0,"pct":100}}
,"/home/joao-pedro/docs/jp/palacio-branco-entreprises/src/services/dataService.js": {"lines":{"total":127,"covered":119,"skipped":0,"pct":93.7},"functions":{"total":20,"covered":20,"skipped":0,"pct":100},"statements":{"total":135,"covered":119,"skipped":0,"pct":88.14},"branches":{"total":30,"covered":19,"skipped":0,"pct":63.33}}
,"/home/joao-pedro/docs/jp/palacio-branco-entreprises/src/state/store.js": {"lines":{"total":62,"covered":61,"skipped":0,"pct":98.38},"functions":{"total":24,"covered":24,"skipped":0,"pct":100},"statements":{"total":64,"covered":63,"skipped":0,"pct":98.43},"branches":{"total":24,"covered":17,"skipped":0,"pct":70.83}}
,"/home/joao-pedro/docs/jp/palacio-branco-entreprises/src/utils/formatters.js": {"lines":{"total":86,"covered":71,"skipped":0,"pct":82.55},"functions":{"total":17,"covered":15,"skipped":0,"pct":88.23},"statements":{"total":94,"covered":79,"skipped":0,"pct":84.04},"branches":{"total":46,"covered":30,"skipped":0,"pct":65.21}}
,"/home/joao-pedro/docs/jp/palacio-branco-entreprises/src/utils/sorting.js": {"lines":{"total":53,"covered":50,"skipped":0,"pct":94.33},"functions":{"total":8,"covered":8,"skipped":0,"pct":100},"statements":{"total":57,"covered":54,"skipped":0,"pct":94.73},"branches":{"total":59,"covered":48,"skipped":0,"pct":81.35}}
}
