{"/home/joao-pedro/docs/jp/palacio-branco-entreprises/src/main.js": {"path":"/home/joao-pedro/docs/jp/palacio-branco-entreprises/src/main.js","statementMap":{"0":{"start":{"line":21,"column":0},"end":{"line":21,"column":null}},"1":{"start":{"line":22,"column":0},"end":{"line":22,"column":null}},"2":{"start":{"line":23,"column":0},"end":{"line":23,"column":null}},"3":{"start":{"line":24,"column":0},"end":{"line":24,"column":null}},"4":{"start":{"line":25,"column":0},"end":{"line":25,"column":null}},"5":{"start":{"line":26,"column":0},"end":{"line":26,"column":null}},"6":{"start":{"line":29,"column":0},"end":{"line":29,"column":null}},"7":{"start":{"line":30,"column":0},"end":{"line":30,"column":null}},"8":{"start":{"line":31,"column":0},"end":{"line":31,"column":null}},"9":{"start":{"line":34,"column":0},"end":{"line":34,"column":null}},"10":{"start":{"line":35,"column":0},"end":{"line":35,"column":null}},"11":{"start":{"line":36,"column":0},"end":{"line":36,"column":null}},"12":{"start":{"line":37,"column":0},"end":{"line":37,"column":null}},"13":{"start":{"line":38,"column":0},"end":{"line":38,"column":null}},"14":{"start":{"line":42,"column":0},"end":{"line":42,"column":null}},"15":{"start":{"line":45,"column":0},"end":{"line":45,"column":null}},"16":{"start":{"line":53,"column":0},"end":{"line":69,"column":null}},"17":{"start":{"line":55,"column":26},"end":{"line":55,"column":91}},"18":{"start":{"line":56,"column":30},"end":{"line":56,"column":103}},"19":{"start":{"line":58,"column":4},"end":{"line":58,"column":null}},"20":{"start":{"line":58,"column":46},"end":{"line":58,"column":null}},"21":{"start":{"line":61,"column":4},"end":{"line":63,"column":null}},"22":{"start":{"line":62,"column":8},"end":{"line":62,"column":null}},"23":{"start":{"line":66,"column":4},"end":{"line":68,"column":null}},"24":{"start":{"line":67,"column":8},"end":{"line":67,"column":null}},"25":{"start":{"line":76,"column":0},"end":{"line":88,"column":null}},"26":{"start":{"line":77,"column":17},"end":{"line":77,"column":28}},"27":{"start":{"line":78,"column":4},"end":{"line":87,"column":null}},"28":{"start":{"line":79,"column":8},"end":{"line":86,"column":null}},"29":{"start":{"line":80,"column":11},"end":{"line":80,"column":null}},"30":{"start":{"line":81,"column":15},"end":{"line":86,"column":null}},"31":{"start":{"line":83,"column":12},"end":{"line":85,"column":null}},"32":{"start":{"line":84,"column":16},"end":{"line":84,"column":null}},"33":{"start":{"line":93,"column":0},"end":{"line":105,"column":null}},"34":{"start":{"line":94,"column":17},"end":{"line":94,"column":28}},"35":{"start":{"line":95,"column":4},"end":{"line":104,"column":null}},"36":{"start":{"line":97,"column":21},"end":{"line":97,"column":41}},"37":{"start":{"line":98,"column":8},"end":{"line":103,"column":null}},"38":{"start":{"line":100,"column":12},"end":{"line":102,"column":null}},"39":{"start":{"line":101,"column":16},"end":{"line":101,"column":null}},"40":{"start":{"line":113,"column":4},"end":{"line":113,"column":null}},"41":{"start":{"line":115,"column":4},"end":{"line":140,"column":null}},"42":{"start":{"line":116,"column":8},"end":{"line":116,"column":null}},"43":{"start":{"line":117,"column":8},"end":{"line":117,"column":null}},"44":{"start":{"line":119,"column":8},"end":{"line":119,"column":null}},"45":{"start":{"line":120,"column":8},"end":{"line":120,"column":null}},"46":{"start":{"line":121,"column":8},"end":{"line":121,"column":null}},"47":{"start":{"line":123,"column":8},"end":{"line":123,"column":null}},"48":{"start":{"line":124,"column":8},"end":{"line":124,"column":null}},"49":{"start":{"line":125,"column":8},"end":{"line":125,"column":null}},"50":{"start":{"line":127,"column":8},"end":{"line":127,"column":null}},"51":{"start":{"line":128,"column":7},"end":{"line":128,"column":null}},"52":{"start":{"line":130,"column":8},"end":{"line":130,"column":null}},"53":{"start":{"line":132,"column":8},"end":{"line":132,"column":null}},"54":{"start":{"line":133,"column":8},"end":{"line":139,"column":null}},"55":{"start":{"line":148,"column":25},"end":{"line":148,"column":65}},"56":{"start":{"line":149,"column":4},"end":{"line":151,"column":null}},"57":{"start":{"line":150,"column":8},"end":{"line":150,"column":null}},"58":{"start":{"line":154,"column":28},"end":{"line":154,"column":71}},"59":{"start":{"line":155,"column":4},"end":{"line":157,"column":null}},"60":{"start":{"line":156,"column":8},"end":{"line":156,"column":null}},"61":{"start":{"line":160,"column":28},"end":{"line":160,"column":71}},"62":{"start":{"line":161,"column":4},"end":{"line":163,"column":null}},"63":{"start":{"line":162,"column":8},"end":{"line":162,"column":null}},"64":{"start":{"line":166,"column":31},"end":{"line":166,"column":78}},"65":{"start":{"line":167,"column":4},"end":{"line":170,"column":null}},"66":{"start":{"line":168,"column":8},"end":{"line":168,"column":null}},"67":{"start":{"line":169,"column":8},"end":{"line":169,"column":null}},"68":{"start":{"line":173,"column":4},"end":{"line":173,"column":null}},"69":{"start":{"line":176,"column":3},"end":{"line":176,"column":null}},"70":{"start":{"line":183,"column":25},"end":{"line":183,"column":64}},"71":{"start":{"line":184,"column":28},"end":{"line":184,"column":72}},"72":{"start":{"line":186,"column":4},"end":{"line":214,"column":null}},"73":{"start":{"line":187,"column":36},"end":{"line":203,"column":9}},"74":{"start":{"line":188,"column":28},"end":{"line":188,"column":42}},"75":{"start":{"line":189,"column":30},"end":{"line":189,"column":67}},"76":{"start":{"line":190,"column":33},"end":{"line":190,"column":51}},"77":{"start":{"line":192,"column":12},"end":{"line":195,"column":null}},"78":{"start":{"line":194,"column":16},"end":{"line":194,"column":null}},"79":{"start":{"line":197,"column":12},"end":{"line":202,"column":null}},"80":{"start":{"line":199,"column":33},"end":{"line":199,"column":74}},"81":{"start":{"line":200,"column":37},"end":{"line":200,"column":67}},"82":{"start":{"line":201,"column":16},"end":{"line":201,"column":null}},"83":{"start":{"line":205,"column":8},"end":{"line":205,"column":null}},"84":{"start":{"line":208,"column":8},"end":{"line":208,"column":null}},"85":{"start":{"line":211,"column":8},"end":{"line":213,"column":null}},"86":{"start":{"line":212,"column":12},"end":{"line":212,"column":null}},"87":{"start":{"line":223,"column":26},"end":{"line":236,"column":6}},"88":{"start":{"line":224,"column":8},"end":{"line":233,"column":null}},"89":{"start":{"line":225,"column":12},"end":{"line":232,"column":null}},"90":{"start":{"line":226,"column":28},"end":{"line":226,"column":40}},"91":{"start":{"line":227,"column":16},"end":{"line":230,"column":null}},"92":{"start":{"line":228,"column":20},"end":{"line":228,"column":null}},"93":{"start":{"line":229,"column":20},"end":{"line":229,"column":null}},"94":{"start":{"line":231,"column":16},"end":{"line":231,"column":null}},"95":{"start":{"line":239,"column":4},"end":{"line":241,"column":null}},"96":{"start":{"line":240,"column":8},"end":{"line":240,"column":null}},"97":{"start":{"line":245,"column":0},"end":{"line":245,"column":null}},"98":{"start":{"line":250,"column":0},"end":{"line":254,"column":null}},"99":{"start":{"line":251,"column":4},"end":{"line":251,"column":null}},"100":{"start":{"line":253,"column":4},"end":{"line":253,"column":null}}},"fnMap":{"0":{"name":"(anonymous_0)","decl":{"start":{"line":53,"column":26},"end":{"line":53,"column":34}},"loc":{"start":{"line":53,"column":49},"end":{"line":69,"column":1}},"line":53},"1":{"name":"(anonymous_1)","decl":{"start":{"line":61,"column":63},"end":{"line":61,"column":66}},"loc":{"start":{"line":61,"column":70},"end":{"line":63,"column":5}},"line":61},"2":{"name":"(anonymous_2)","decl":{"start":{"line":66,"column":71},"end":{"line":66,"column":78}},"loc":{"start":{"line":66,"column":82},"end":{"line":68,"column":5}},"line":66},"3":{"name":"(anonymous_3)","decl":{"start":{"line":76,"column":26},"end":{"line":76,"column":27}},"loc":{"start":{"line":76,"column":32},"end":{"line":88,"column":1}},"line":76},"4":{"name":"(anonymous_4)","decl":{"start":{"line":83,"column":58},"end":{"line":83,"column":64}},"loc":{"start":{"line":83,"column":68},"end":{"line":85,"column":13}},"line":83},"5":{"name":"(anonymous_5)","decl":{"start":{"line":93,"column":27},"end":{"line":93,"column":28}},"loc":{"start":{"line":93,"column":33},"end":{"line":105,"column":1}},"line":93},"6":{"name":"(anonymous_6)","decl":{"start":{"line":100,"column":58},"end":{"line":100,"column":64}},"loc":{"start":{"line":100,"column":68},"end":{"line":102,"column":13}},"line":100},"7":{"name":"init","decl":{"start":{"line":112,"column":15},"end":{"line":112,"column":19}},"loc":{"start":{"line":112,"column":22},"end":{"line":141,"column":null}},"line":112},"8":{"name":"setupStaticUI","decl":{"start":{"line":146,"column":9},"end":{"line":146,"column":22}},"loc":{"start":{"line":146,"column":25},"end":{"line":177,"column":null}},"line":146},"9":{"name":"setupScrollListener","decl":{"start":{"line":182,"column":9},"end":{"line":182,"column":28}},"loc":{"start":{"line":182,"column":31},"end":{"line":215,"column":null}},"line":182},"10":{"name":"(anonymous_10)","decl":{"start":{"line":187,"column":36},"end":{"line":187,"column":37}},"loc":{"start":{"line":187,"column":42},"end":{"line":203,"column":9}},"line":187},"11":{"name":"(anonymous_11)","decl":{"start":{"line":211,"column":46},"end":{"line":211,"column":47}},"loc":{"start":{"line":211,"column":52},"end":{"line":213,"column":9}},"line":211},"12":{"name":"setupLazyLoading","decl":{"start":{"line":222,"column":9},"end":{"line":222,"column":25}},"loc":{"start":{"line":222,"column":28},"end":{"line":242,"column":null}},"line":222},"13":{"name":"(anonymous_13)","decl":{"start":{"line":223,"column":51},"end":{"line":223,"column":52}},"loc":{"start":{"line":223,"column":74},"end":{"line":234,"column":5}},"line":223},"14":{"name":"(anonymous_14)","decl":{"start":{"line":224,"column":24},"end":{"line":224,"column":29}},"loc":{"start":{"line":224,"column":33},"end":{"line":233,"column":9}},"line":224},"15":{"name":"(anonymous_15)","decl":{"start":{"line":239,"column":55},"end":{"line":239,"column":58}},"loc":{"start":{"line":239,"column":62},"end":{"line":241,"column":5}},"line":239}},"branchMap":{"0":{"loc":{"start":{"line":58,"column":4},"end":{"line":58,"column":null}},"type":"if","locations":[{"start":{"line":58,"column":4},"end":{"line":58,"column":null}},{"start":{},"end":{}}],"line":58},"1":{"loc":{"start":{"line":58,"column":8},"end":{"line":58,"column":44}},"type":"binary-expr","locations":[{"start":{"line":58,"column":8},"end":{"line":58,"column":22}},{"start":{"line":58,"column":26},"end":{"line":58,"column":44}}],"line":58},"2":{"loc":{"start":{"line":78,"column":4},"end":{"line":87,"column":null}},"type":"if","locations":[{"start":{"line":78,"column":4},"end":{"line":87,"column":null}},{"start":{},"end":{}}],"line":78},"3":{"loc":{"start":{"line":79,"column":8},"end":{"line":86,"column":null}},"type":"if","locations":[{"start":{"line":79,"column":8},"end":{"line":86,"column":null}},{"start":{"line":81,"column":15},"end":{"line":86,"column":null}}],"line":79},"4":{"loc":{"start":{"line":81,"column":15},"end":{"line":86,"column":null}},"type":"if","locations":[{"start":{"line":81,"column":15},"end":{"line":86,"column":null}},{"start":{},"end":{}}],"line":81},"5":{"loc":{"start":{"line":95,"column":4},"end":{"line":104,"column":null}},"type":"if","locations":[{"start":{"line":95,"column":4},"end":{"line":104,"column":null}},{"start":{},"end":{}}],"line":95},"6":{"loc":{"start":{"line":98,"column":8},"end":{"line":103,"column":null}},"type":"if","locations":[{"start":{"line":98,"column":8},"end":{"line":103,"column":null}},{"start":{},"end":{}}],"line":98},"7":{"loc":{"start":{"line":98,"column":12},"end":{"line":98,"column":65}},"type":"binary-expr","locations":[{"start":{"line":98,"column":12},"end":{"line":98,"column":39}},{"start":{"line":98,"column":43},"end":{"line":98,"column":65}}],"line":98},"8":{"loc":{"start":{"line":149,"column":4},"end":{"line":151,"column":null}},"type":"if","locations":[{"start":{"line":149,"column":4},"end":{"line":151,"column":null}},{"start":{},"end":{}}],"line":149},"9":{"loc":{"start":{"line":155,"column":4},"end":{"line":157,"column":null}},"type":"if","locations":[{"start":{"line":155,"column":4},"end":{"line":157,"column":null}},{"start":{},"end":{}}],"line":155},"10":{"loc":{"start":{"line":161,"column":4},"end":{"line":163,"column":null}},"type":"if","locations":[{"start":{"line":161,"column":4},"end":{"line":163,"column":null}},{"start":{},"end":{}}],"line":161},"11":{"loc":{"start":{"line":167,"column":4},"end":{"line":170,"column":null}},"type":"if","locations":[{"start":{"line":167,"column":4},"end":{"line":170,"column":null}},{"start":{},"end":{}}],"line":167},"12":{"loc":{"start":{"line":186,"column":4},"end":{"line":214,"column":null}},"type":"if","locations":[{"start":{"line":186,"column":4},"end":{"line":214,"column":null}},{"start":{},"end":{}}],"line":186},"13":{"loc":{"start":{"line":186,"column":8},"end":{"line":186,"column":39}},"type":"binary-expr","locations":[{"start":{"line":186,"column":8},"end":{"line":186,"column":20}},{"start":{"line":186,"column":24},"end":{"line":186,"column":39}}],"line":186},"14":{"loc":{"start":{"line":192,"column":12},"end":{"line":195,"column":null}},"type":"if","locations":[{"start":{"line":192,"column":12},"end":{"line":195,"column":null}},{"start":{},"end":{}}],"line":192},"15":{"loc":{"start":{"line":197,"column":12},"end":{"line":202,"column":null}},"type":"if","locations":[{"start":{"line":197,"column":12},"end":{"line":202,"column":null}},{"start":{},"end":{}}],"line":197},"16":{"loc":{"start":{"line":201,"column":60},"end":{"line":201,"column":85}},"type":"binary-expr","locations":[{"start":{"line":201,"column":60},"end":{"line":201,"column":72}},{"start":{"line":201,"column":76},"end":{"line":201,"column":85}}],"line":201},"17":{"loc":{"start":{"line":225,"column":12},"end":{"line":232,"column":null}},"type":"if","locations":[{"start":{"line":225,"column":12},"end":{"line":232,"column":null}},{"start":{},"end":{}}],"line":225},"18":{"loc":{"start":{"line":227,"column":16},"end":{"line":230,"column":null}},"type":"if","locations":[{"start":{"line":227,"column":16},"end":{"line":230,"column":null}},{"start":{},"end":{}}],"line":227},"19":{"loc":{"start":{"line":250,"column":0},"end":{"line":254,"column":null}},"type":"if","locations":[{"start":{"line":250,"column":0},"end":{"line":254,"column":null}},{"start":{"line":252,"column":7},"end":{"line":254,"column":null}}],"line":250}},"s":{"0":5,"1":5,"2":5,"3":5,"4":5,"5":5,"6":5,"7":5,"8":5,"9":5,"10":5,"11":5,"12":5,"13":5,"14":5,"15":5,"16":5,"17":2,"18":2,"19":2,"20":1,"21":1,"22":2,"23":1,"24":2,"25":5,"26":1,"27":1,"28":1,"29":1,"30":0,"31":0,"32":0,"33":5,"34":1,"35":1,"36":1,"37":1,"38":1,"39":1,"40":5,"41":5,"42":5,"43":5,"44":5,"45":5,"46":4,"47":4,"48":4,"49":4,"50":4,"51":4,"52":4,"53":1,"54":1,"55":5,"56":5,"57":4,"58":5,"59":5,"60":4,"61":5,"62":5,"63":4,"64":5,"65":5,"66":4,"67":4,"68":5,"69":5,"70":5,"71":5,"72":5,"73":0,"74":0,"75":0,"76":0,"77":0,"78":0,"79":0,"80":0,"81":0,"82":0,"83":0,"84":0,"85":0,"86":0,"87":1,"88":0,"89":0,"90":0,"91":0,"92":0,"93":0,"94":0,"95":1,"96":1,"97":5,"98":5,"99":0,"100":5},"f":{"0":2,"1":2,"2":2,"3":1,"4":0,"5":1,"6":1,"7":5,"8":5,"9":5,"10":0,"11":0,"12":1,"13":0,"14":0,"15":1},"b":{"0":[1,1],"1":[2,1],"2":[1,0],"3":[1,0],"4":[0,0],"5":[1,0],"6":[1,0],"7":[1,1],"8":[4,1],"9":[4,1],"10":[4,1],"11":[4,1],"12":[0,5],"13":[5,5],"14":[0,0],"15":[0,0],"16":[0,0],"17":[0,0],"18":[0,0],"19":[0,5]},"meta":{"lastBranch":20,"lastFunction":16,"lastStatement":101,"seen":{"s:21:0:21:Infinity":0,"s:22:0:22:Infinity":1,"s:23:0:23:Infinity":2,"s:24:0:24:Infinity":3,"s:25:0:25:Infinity":4,"s:26:0:26:Infinity":5,"s:29:0:29:Infinity":6,"s:30:0:30:Infinity":7,"s:31:0:31:Infinity":8,"s:34:0:34:Infinity":9,"s:35:0:35:Infinity":10,"s:36:0:36:Infinity":11,"s:37:0:37:Infinity":12,"s:38:0:38:Infinity":13,"s:42:0:42:Infinity":14,"s:45:0:45:Infinity":15,"s:53:0:69:Infinity":16,"f:53:26:53:34":0,"s:55:26:55:91":17,"s:56:30:56:103":18,"b:58:4:58:Infinity:undefined:undefined:undefined:undefined":0,"s:58:4:58:Infinity":19,"b:58:8:58:22:58:26:58:44":1,"s:58:46:58:Infinity":20,"s:61:4:63:Infinity":21,"f:61:63:61:66":1,"s:62:8:62:Infinity":22,"s:66:4:68:Infinity":23,"f:66:71:66:78":2,"s:67:8:67:Infinity":24,"s:76:0:88:Infinity":25,"f:76:26:76:27":3,"s:77:17:77:28":26,"b:78:4:87:Infinity:undefined:undefined:undefined:undefined":2,"s:78:4:87:Infinity":27,"b:79:8:86:Infinity:81:15:86:Infinity":3,"s:79:8:86:Infinity":28,"s:80:11:80:Infinity":29,"b:81:15:86:Infinity:undefined:undefined:undefined:undefined":4,"s:81:15:86:Infinity":30,"s:83:12:85:Infinity":31,"f:83:58:83:64":4,"s:84:16:84:Infinity":32,"s:93:0:105:Infinity":33,"f:93:27:93:28":5,"s:94:17:94:28":34,"b:95:4:104:Infinity:undefined:undefined:undefined:undefined":5,"s:95:4:104:Infinity":35,"s:97:21:97:41":36,"b:98:8:103:Infinity:undefined:undefined:undefined:undefined":6,"s:98:8:103:Infinity":37,"b:98:12:98:39:98:43:98:65":7,"s:100:12:102:Infinity":38,"f:100:58:100:64":6,"s:101:16:101:Infinity":39,"f:112:15:112:19":7,"s:113:4:113:Infinity":40,"s:115:4:140:Infinity":41,"s:116:8:116:Infinity":42,"s:117:8:117:Infinity":43,"s:119:8:119:Infinity":44,"s:120:8:120:Infinity":45,"s:121:8:121:Infinity":46,"s:123:8:123:Infinity":47,"s:124:8:124:Infinity":48,"s:125:8:125:Infinity":49,"s:127:8:127:Infinity":50,"s:128:7:128:Infinity":51,"s:130:8:130:Infinity":52,"s:132:8:132:Infinity":53,"s:133:8:139:Infinity":54,"f:146:9:146:22":8,"s:148:25:148:65":55,"b:149:4:151:Infinity:undefined:undefined:undefined:undefined":8,"s:149:4:151:Infinity":56,"s:150:8:150:Infinity":57,"s:154:28:154:71":58,"b:155:4:157:Infinity:undefined:undefined:undefined:undefined":9,"s:155:4:157:Infinity":59,"s:156:8:156:Infinity":60,"s:160:28:160:71":61,"b:161:4:163:Infinity:undefined:undefined:undefined:undefined":10,"s:161:4:163:Infinity":62,"s:162:8:162:Infinity":63,"s:166:31:166:78":64,"b:167:4:170:Infinity:undefined:undefined:undefined:undefined":11,"s:167:4:170:Infinity":65,"s:168:8:168:Infinity":66,"s:169:8:169:Infinity":67,"s:173:4:173:Infinity":68,"s:176:3:176:Infinity":69,"f:182:9:182:28":9,"s:183:25:183:64":70,"s:184:28:184:72":71,"b:186:4:214:Infinity:undefined:undefined:undefined:undefined":12,"s:186:4:214:Infinity":72,"b:186:8:186:20:186:24:186:39":13,"s:187:36:203:9":73,"f:187:36:187:37":10,"s:188:28:188:42":74,"s:189:30:189:67":75,"s:190:33:190:51":76,"b:192:12:195:Infinity:undefined:undefined:undefined:undefined":14,"s:192:12:195:Infinity":77,"s:194:16:194:Infinity":78,"b:197:12:202:Infinity:undefined:undefined:undefined:undefined":15,"s:197:12:202:Infinity":79,"s:199:33:199:74":80,"s:200:37:200:67":81,"s:201:16:201:Infinity":82,"b:201:60:201:72:201:76:201:85":16,"s:205:8:205:Infinity":83,"s:208:8:208:Infinity":84,"s:211:8:213:Infinity":85,"f:211:46:211:47":11,"s:212:12:212:Infinity":86,"f:222:9:222:25":12,"s:223:26:236:6":87,"f:223:51:223:52":13,"s:224:8:233:Infinity":88,"f:224:24:224:29":14,"b:225:12:232:Infinity:undefined:undefined:undefined:undefined":17,"s:225:12:232:Infinity":89,"s:226:28:226:40":90,"b:227:16:230:Infinity:undefined:undefined:undefined:undefined":18,"s:227:16:230:Infinity":91,"s:228:20:228:Infinity":92,"s:229:20:229:Infinity":93,"s:231:16:231:Infinity":94,"s:239:4:241:Infinity":95,"f:239:55:239:58":15,"s:240:8:240:Infinity":96,"s:245:0:245:Infinity":97,"b:250:0:254:Infinity:252:7:254:Infinity":19,"s:250:0:254:Infinity":98,"s:251:4:251:Infinity":99,"s:253:4:253:Infinity":100}}}
,"/home/joao-pedro/docs/jp/palacio-branco-entreprises/src/router.js": {"path":"/home/joao-pedro/docs/jp/palacio-branco-entreprises/src/router.js","statementMap":{"0":{"start":{"line":17,"column":15},"end":{"line":25,"column":1}},"1":{"start":{"line":28,"column":19},"end":{"line":28,"column":21}},"2":{"start":{"line":29,"column":20},"end":{"line":29,"column":22}},"3":{"start":{"line":36,"column":17},"end":{"line":36,"column":52}},"4":{"start":{"line":37,"column":18},"end":{"line":37,"column":33}},"5":{"start":{"line":38,"column":18},"end":{"line":38,"column":32}},"6":{"start":{"line":39,"column":19},"end":{"line":39,"column":33}},"7":{"start":{"line":41,"column":4},"end":{"line":41,"column":null}},"8":{"start":{"line":50,"column":17},"end":{"line":50,"column":75}},"9":{"start":{"line":51,"column":4},"end":{"line":51,"column":null}},"10":{"start":{"line":59,"column":4},"end":{"line":59,"column":null}},"11":{"start":{"line":66,"column":30},"end":{"line":66,"column":41}},"12":{"start":{"line":67,"column":4},"end":{"line":67,"column":null}},"13":{"start":{"line":68,"column":4},"end":{"line":68,"column":null}},"14":{"start":{"line":70,"column":25},"end":{"line":70,"column":55}},"15":{"start":{"line":71,"column":4},"end":{"line":71,"column":null}},"16":{"start":{"line":71,"column":23},"end":{"line":71,"column":null}},"17":{"start":{"line":74,"column":21},"end":{"line":74,"column":34}},"18":{"start":{"line":75,"column":21},"end":{"line":75,"column":27}},"19":{"start":{"line":78,"column":4},"end":{"line":81,"column":null}},"20":{"start":{"line":79,"column":8},"end":{"line":79,"column":null}},"21":{"start":{"line":80,"column":8},"end":{"line":80,"column":null}},"22":{"start":{"line":83,"column":4},"end":{"line":86,"column":null}},"23":{"start":{"line":85,"column":8},"end":{"line":85,"column":null}},"24":{"start":{"line":89,"column":4},"end":{"line":114,"column":null}},"25":{"start":{"line":90,"column":8},"end":{"line":95,"column":null}},"26":{"start":{"line":92,"column":12},"end":{"line":92,"column":null}},"27":{"start":{"line":94,"column":12},"end":{"line":94,"column":null}},"28":{"start":{"line":98,"column":8},"end":{"line":104,"column":null}},"29":{"start":{"line":99,"column":12},"end":{"line":103,"column":null}},"30":{"start":{"line":100,"column":16},"end":{"line":100,"column":null}},"31":{"start":{"line":102,"column":16},"end":{"line":102,"column":null}},"32":{"start":{"line":106,"column":8},"end":{"line":106,"column":null}},"33":{"start":{"line":107,"column":8},"end":{"line":113,"column":null}},"34":{"start":{"line":117,"column":3},"end":{"line":117,"column":null}},"35":{"start":{"line":118,"column":3},"end":{"line":118,"column":null}},"36":{"start":{"line":119,"column":3},"end":{"line":119,"column":null}},"37":{"start":{"line":122,"column":4},"end":{"line":122,"column":null}},"38":{"start":{"line":125,"column":4},"end":{"line":125,"column":null}},"39":{"start":{"line":133,"column":4},"end":{"line":133,"column":null}},"40":{"start":{"line":136,"column":4},"end":{"line":136,"column":null}},"41":{"start":{"line":145,"column":4},"end":{"line":145,"column":null}},"42":{"start":{"line":153,"column":4},"end":{"line":153,"column":null}},"43":{"start":{"line":163,"column":4},"end":{"line":163,"column":null}},"44":{"start":{"line":166,"column":4},"end":{"line":166,"column":null}}},"fnMap":{"0":{"name":"parseHash","decl":{"start":{"line":35,"column":9},"end":{"line":35,"column":18}},"loc":{"start":{"line":35,"column":21},"end":{"line":42,"column":null}},"line":35},"1":{"name":"navigateTo","decl":{"start":{"line":49,"column":16},"end":{"line":49,"column":26}},"loc":{"start":{"line":49,"column":45},"end":{"line":52,"column":null}},"line":49},"2":{"name":"getCurrentRoute","decl":{"start":{"line":58,"column":16},"end":{"line":58,"column":31}},"loc":{"start":{"line":58,"column":34},"end":{"line":60,"column":null}},"line":58},"3":{"name":"handleRouteChange","decl":{"start":{"line":65,"column":15},"end":{"line":65,"column":32}},"loc":{"start":{"line":65,"column":35},"end":{"line":126,"column":null}},"line":65},"4":{"name":"initRouter","decl":{"start":{"line":131,"column":16},"end":{"line":131,"column":26}},"loc":{"start":{"line":131,"column":29},"end":{"line":137,"column":null}},"line":131},"5":{"name":"openCharacterDetails","decl":{"start":{"line":144,"column":16},"end":{"line":144,"column":36}},"loc":{"start":{"line":144,"column":62},"end":{"line":146,"column":null}},"line":144},"6":{"name":"openCharacterTier","decl":{"start":{"line":152,"column":16},"end":{"line":152,"column":33}},"loc":{"start":{"line":152,"column":43},"end":{"line":154,"column":null}},"line":152},"7":{"name":"switchDetailTab","decl":{"start":{"line":161,"column":16},"end":{"line":161,"column":31}},"loc":{"start":{"line":161,"column":46},"end":{"line":167,"column":null}},"line":161}},"branchMap":{"0":{"loc":{"start":{"line":36,"column":17},"end":{"line":36,"column":52}},"type":"binary-expr","locations":[{"start":{"line":36,"column":17},"end":{"line":36,"column":46}},{"start":{"line":36,"column":50},"end":{"line":36,"column":52}}],"line":36},"1":{"loc":{"start":{"line":38,"column":18},"end":{"line":38,"column":32}},"type":"binary-expr","locations":[{"start":{"line":38,"column":18},"end":{"line":38,"column":26}},{"start":{"line":38,"column":30},"end":{"line":38,"column":32}}],"line":38},"2":{"loc":{"start":{"line":50,"column":17},"end":{"line":50,"column":75}},"type":"cond-expr","locations":[{"start":{"line":50,"column":37},"end":{"line":50,"column":67}},{"start":{"line":50,"column":70},"end":{"line":50,"column":75}}],"line":50},"3":{"loc":{"start":{"line":71,"column":4},"end":{"line":71,"column":null}},"type":"if","locations":[{"start":{"line":71,"column":4},"end":{"line":71,"column":null}},{"start":{},"end":{}}],"line":71},"4":{"loc":{"start":{"line":78,"column":4},"end":{"line":81,"column":null}},"type":"if","locations":[{"start":{"line":78,"column":4},"end":{"line":81,"column":null}},{"start":{},"end":{}}],"line":78},"5":{"loc":{"start":{"line":78,"column":8},"end":{"line":78,"column":42}},"type":"binary-expr","locations":[{"start":{"line":78,"column":8},"end":{"line":78,"column":29}},{"start":{"line":78,"column":33},"end":{"line":78,"column":42}}],"line":78},"6":{"loc":{"start":{"line":83,"column":4},"end":{"line":86,"column":null}},"type":"if","locations":[{"start":{"line":83,"column":4},"end":{"line":86,"column":null}},{"start":{},"end":{}}],"line":83},"7":{"loc":{"start":{"line":90,"column":8},"end":{"line":95,"column":null}},"type":"if","locations":[{"start":{"line":90,"column":8},"end":{"line":95,"column":null}},{"start":{"line":93,"column":15},"end":{"line":95,"column":null}}],"line":90},"8":{"loc":{"start":{"line":90,"column":12},"end":{"line":90,"column":46}},"type":"binary-expr","locations":[{"start":{"line":90,"column":12},"end":{"line":90,"column":33}},{"start":{"line":90,"column":37},"end":{"line":90,"column":46}}],"line":90},"9":{"loc":{"start":{"line":92,"column":66},"end":{"line":92,"column":87}},"type":"binary-expr","locations":[{"start":{"line":92,"column":66},"end":{"line":92,"column":75}},{"start":{"line":92,"column":79},"end":{"line":92,"column":87}}],"line":92},"10":{"loc":{"start":{"line":98,"column":8},"end":{"line":104,"column":null}},"type":"if","locations":[{"start":{"line":98,"column":8},"end":{"line":104,"column":null}},{"start":{},"end":{}}],"line":98},"11":{"loc":{"start":{"line":99,"column":12},"end":{"line":103,"column":null}},"type":"if","locations":[{"start":{"line":99,"column":12},"end":{"line":103,"column":null}},{"start":{"line":101,"column":19},"end":{"line":103,"column":null}}],"line":99},"12":{"loc":{"start":{"line":99,"column":16},"end":{"line":99,"column":50}},"type":"binary-expr","locations":[{"start":{"line":99,"column":16},"end":{"line":99,"column":37}},{"start":{"line":99,"column":41},"end":{"line":99,"column":50}}],"line":99},"13":{"loc":{"start":{"line":100,"column":49},"end":{"line":100,"column":70}},"type":"binary-expr","locations":[{"start":{"line":100,"column":49},"end":{"line":100,"column":58}},{"start":{"line":100,"column":62},"end":{"line":100,"column":70}}],"line":100},"14":{"loc":{"start":{"line":117,"column":22},"end":{"line":117,"column":44}},"type":"binary-expr","locations":[{"start":{"line":117,"column":22},"end":{"line":117,"column":27}},{"start":{"line":117,"column":31},"end":{"line":117,"column":44}}],"line":117},"15":{"loc":{"start":{"line":144,"column":46},"end":{"line":144,"column":60}},"type":"default-arg","locations":[{"start":{"line":144,"column":52},"end":{"line":144,"column":60}}],"line":144}},"s":{"0":2,"1":2,"2":2,"3":3,"4":3,"5":3,"6":3,"7":3,"8":7,"9":7,"10":1,"11":3,"12":3,"13":3,"14":3,"15":3,"16":0,"17":3,"18":3,"19":3,"20":0,"21":0,"22":3,"23":0,"24":3,"25":3,"26":0,"27":3,"28":3,"29":3,"30":0,"31":3,"32":0,"33":0,"34":3,"35":3,"36":3,"37":3,"38":3,"39":2,"40":2,"41":2,"42":1,"43":2,"44":2},"f":{"0":3,"1":7,"2":1,"3":3,"4":2,"5":2,"6":1,"7":2},"b":{"0":[3,3],"1":[3,3],"2":[5,2],"3":[0,3],"4":[0,3],"5":[3,0],"6":[0,3],"7":[0,3],"8":[3,0],"9":[0,0],"10":[3,0],"11":[0,3],"12":[3,0],"13":[0,0],"14":[3,3],"15":[2]},"meta":{"lastBranch":16,"lastFunction":8,"lastStatement":45,"seen":{"s:17:15:25:1":0,"s:28:19:28:21":1,"s:29:20:29:22":2,"f:35:9:35:18":0,"s:36:17:36:52":3,"b:36:17:36:46:36:50:36:52":0,"s:37:18:37:33":4,"s:38:18:38:32":5,"b:38:18:38:26:38:30:38:32":1,"s:39:19:39:33":6,"s:41:4:41:Infinity":7,"f:49:16:49:26":1,"s:50:17:50:75":8,"b:50:37:50:67:50:70:50:75":2,"s:51:4:51:Infinity":9,"f:58:16:58:31":2,"s:59:4:59:Infinity":10,"f:65:15:65:32":3,"s:66:30:66:41":11,"s:67:4:67:Infinity":12,"s:68:4:68:Infinity":13,"s:70:25:70:55":14,"b:71:4:71:Infinity:undefined:undefined:undefined:undefined":3,"s:71:4:71:Infinity":15,"s:71:23:71:Infinity":16,"s:74:21:74:34":17,"s:75:21:75:27":18,"b:78:4:81:Infinity:undefined:undefined:undefined:undefined":4,"s:78:4:81:Infinity":19,"b:78:8:78:29:78:33:78:42":5,"s:79:8:79:Infinity":20,"s:80:8:80:Infinity":21,"b:83:4:86:Infinity:undefined:undefined:undefined:undefined":6,"s:83:4:86:Infinity":22,"s:85:8:85:Infinity":23,"s:89:4:114:Infinity":24,"b:90:8:95:Infinity:93:15:95:Infinity":7,"s:90:8:95:Infinity":25,"b:90:12:90:33:90:37:90:46":8,"s:92:12:92:Infinity":26,"b:92:66:92:75:92:79:92:87":9,"s:94:12:94:Infinity":27,"b:98:8:104:Infinity:undefined:undefined:undefined:undefined":10,"s:98:8:104:Infinity":28,"b:99:12:103:Infinity:101:19:103:Infinity":11,"s:99:12:103:Infinity":29,"b:99:16:99:37:99:41:99:50":12,"s:100:16:100:Infinity":30,"b:100:49:100:58:100:62:100:70":13,"s:102:16:102:Infinity":31,"s:106:8:106:Infinity":32,"s:107:8:113:Infinity":33,"s:117:3:117:Infinity":34,"b:117:22:117:27:117:31:117:44":14,"s:118:3:118:Infinity":35,"s:119:3:119:Infinity":36,"s:122:4:122:Infinity":37,"s:125:4:125:Infinity":38,"f:131:16:131:26":4,"s:133:4:133:Infinity":39,"s:136:4:136:Infinity":40,"f:144:16:144:36":5,"b:144:52:144:60":15,"s:145:4:145:Infinity":41,"f:152:16:152:33":6,"s:153:4:153:Infinity":42,"f:161:16:161:31":7,"s:163:4:163:Infinity":43,"s:166:4:166:Infinity":44}}}
,"/home/joao-pedro/docs/jp/palacio-branco-entreprises/src/components/AttributeTooltip.js": {"path":"/home/joao-pedro/docs/jp/palacio-branco-entreprises/src/components/AttributeTooltip.js","statementMap":{"0":{"start":{"line":15,"column":20},"end":{"line":15,"column":24}},"1":{"start":{"line":16,"column":18},"end":{"line":16,"column":22}},"2":{"start":{"line":17,"column":22},"end":{"line":17,"column":26}},"3":{"start":{"line":18,"column":27},"end":{"line":18,"column":32}},"4":{"start":{"line":28,"column":16},"end":{"line":28,"column":38}},"5":{"start":{"line":31,"column":4},"end":{"line":44,"column":null}},"6":{"start":{"line":32,"column":28},"end":{"line":32,"column":50}},"7":{"start":{"line":33,"column":27},"end":{"line":33,"column":58}},"8":{"start":{"line":34,"column":8},"end":{"line":42,"column":null}},"9":{"start":{"line":35,"column":12},"end":{"line":41,"column":null}},"10":{"start":{"line":43,"column":8},"end":{"line":43,"column":null}},"11":{"start":{"line":46,"column":4},"end":{"line":65,"column":null}},"12":{"start":{"line":47,"column":25},"end":{"line":47,"column":44}},"13":{"start":{"line":48,"column":24},"end":{"line":48,"column":43}},"14":{"start":{"line":49,"column":8},"end":{"line":63,"column":null}},"15":{"start":{"line":50,"column":28},"end":{"line":50,"column":59}},"16":{"start":{"line":51,"column":12},"end":{"line":62,"column":null}},"17":{"start":{"line":52,"column":16},"end":{"line":61,"column":null}},"18":{"start":{"line":64,"column":8},"end":{"line":64,"column":null}},"19":{"start":{"line":67,"column":4},"end":{"line":81,"column":null}},"20":{"start":{"line":68,"column":24},"end":{"line":68,"column":49}},"21":{"start":{"line":69,"column":8},"end":{"line":80,"column":null}},"22":{"start":{"line":70,"column":12},"end":{"line":79,"column":null}},"23":{"start":{"line":83,"column":4},"end":{"line":83,"column":null}},"24":{"start":{"line":83,"column":29},"end":{"line":83,"column":null}},"25":{"start":{"line":84,"column":4},"end":{"line":84,"column":null}},"26":{"start":{"line":84,"column":26},"end":{"line":84,"column":null}},"27":{"start":{"line":85,"column":4},"end":{"line":85,"column":null}},"28":{"start":{"line":95,"column":21},"end":{"line":95,"column":70}},"29":{"start":{"line":96,"column":23},"end":{"line":96,"column":101}},"30":{"start":{"line":96,"column":79},"end":{"line":96,"column":100}},"31":{"start":{"line":98,"column":15},"end":{"line":118,"column":31}},"32":{"start":{"line":99,"column":23},"end":{"line":99,"column":38}},"33":{"start":{"line":100,"column":8},"end":{"line":100,"column":null}},"34":{"start":{"line":100,"column":21},"end":{"line":100,"column":null}},"35":{"start":{"line":101,"column":22},"end":{"line":101,"column":58}},"36":{"start":{"line":102,"column":24},"end":{"line":102,"column":64}},"37":{"start":{"line":103,"column":8},"end":{"line":103,"column":null}},"38":{"start":{"line":103,"column":56},"end":{"line":103,"column":null}},"39":{"start":{"line":105,"column":25},"end":{"line":105,"column":66}},"40":{"start":{"line":106,"column":27},"end":{"line":106,"column":71}},"41":{"start":{"line":108,"column":8},"end":{"line":117,"column":null}},"42":{"start":{"line":120,"column":4},"end":{"line":133,"column":null}},"43":{"start":{"line":141,"column":4},"end":{"line":141,"column":18}},"44":{"start":{"line":142,"column":21},"end":{"line":142,"column":40}},"45":{"start":{"line":143,"column":4},"end":{"line":143,"column":null}},"46":{"start":{"line":143,"column":19},"end":{"line":143,"column":null}},"47":{"start":{"line":145,"column":29},"end":{"line":145,"column":37}},"48":{"start":{"line":146,"column":20},"end":{"line":146,"column":49}},"49":{"start":{"line":147,"column":4},"end":{"line":147,"column":null}},"50":{"start":{"line":149,"column":4},"end":{"line":211,"column":null}},"51":{"start":{"line":150,"column":8},"end":{"line":150,"column":null}},"52":{"start":{"line":151,"column":8},"end":{"line":160,"column":null}},"53":{"start":{"line":161,"column":11},"end":{"line":211,"column":null}},"54":{"start":{"line":162,"column":8},"end":{"line":171,"column":null}},"55":{"start":{"line":172,"column":11},"end":{"line":211,"column":null}},"56":{"start":{"line":173,"column":25},"end":{"line":173,"column":125}},"57":{"start":{"line":174,"column":8},"end":{"line":184,"column":null}},"58":{"start":{"line":187,"column":25},"end":{"line":187,"column":116}},"59":{"start":{"line":189,"column":29},"end":{"line":189,"column":31}},"60":{"start":{"line":190,"column":8},"end":{"line":197,"column":null}},"61":{"start":{"line":191,"column":12},"end":{"line":196,"column":null}},"62":{"start":{"line":199,"column":8},"end":{"line":210,"column":null}},"63":{"start":{"line":213,"column":4},"end":{"line":213,"column":null}},"64":{"start":{"line":214,"column":4},"end":{"line":214,"column":null}},"65":{"start":{"line":217,"column":4},"end":{"line":217,"column":null}},"66":{"start":{"line":224,"column":17},"end":{"line":224,"column":47}},"67":{"start":{"line":225,"column":24},"end":{"line":225,"column":55}},"68":{"start":{"line":226,"column":20},"end":{"line":226,"column":21}},"69":{"start":{"line":228,"column":14},"end":{"line":228,"column":53}},"70":{"start":{"line":229,"column":15},"end":{"line":229,"column":69}},"71":{"start":{"line":232,"column":4},"end":{"line":235,"column":null}},"72":{"start":{"line":233,"column":8},"end":{"line":233,"column":null}},"73":{"start":{"line":234,"column":8},"end":{"line":234,"column":null}},"74":{"start":{"line":238,"column":4},"end":{"line":238,"column":null}},"75":{"start":{"line":240,"column":4},"end":{"line":240,"column":null}},"76":{"start":{"line":241,"column":4},"end":{"line":241,"column":null}},"77":{"start":{"line":242,"column":4},"end":{"line":242,"column":null}},"78":{"start":{"line":249,"column":4},"end":{"line":252,"column":null}},"79":{"start":{"line":250,"column":8},"end":{"line":250,"column":null}},"80":{"start":{"line":251,"column":8},"end":{"line":251,"column":null}},"81":{"start":{"line":262,"column":4},"end":{"line":262,"column":null}},"82":{"start":{"line":263,"column":4},"end":{"line":263,"column":null}},"83":{"start":{"line":265,"column":21},"end":{"line":265,"column":40}},"84":{"start":{"line":266,"column":4},"end":{"line":266,"column":null}},"85":{"start":{"line":266,"column":19},"end":{"line":266,"column":null}},"86":{"start":{"line":268,"column":29},"end":{"line":268,"column":37}},"87":{"start":{"line":269,"column":20},"end":{"line":269,"column":49}},"88":{"start":{"line":270,"column":4},"end":{"line":270,"column":null}},"89":{"start":{"line":275,"column":4},"end":{"line":357,"column":null}},"90":{"start":{"line":276,"column":8},"end":{"line":281,"column":null}},"91":{"start":{"line":282,"column":8},"end":{"line":287,"column":null}},"92":{"start":{"line":288,"column":11},"end":{"line":357,"column":null}},"93":{"start":{"line":289,"column":8},"end":{"line":295,"column":null}},"94":{"start":{"line":296,"column":8},"end":{"line":300,"column":null}},"95":{"start":{"line":301,"column":11},"end":{"line":357,"column":null}},"96":{"start":{"line":302,"column":8},"end":{"line":307,"column":null}},"97":{"start":{"line":308,"column":8},"end":{"line":317,"column":null}},"98":{"start":{"line":318,"column":11},"end":{"line":357,"column":null}},"99":{"start":{"line":319,"column":25},"end":{"line":319,"column":136}},"100":{"start":{"line":320,"column":8},"end":{"line":326,"column":null}},"101":{"start":{"line":327,"column":8},"end":{"line":332,"column":null}},"102":{"start":{"line":335,"column":25},"end":{"line":335,"column":127}},"103":{"start":{"line":336,"column":26},"end":{"line":336,"column":156}},"104":{"start":{"line":338,"column":8},"end":{"line":344,"column":null}},"105":{"start":{"line":345,"column":8},"end":{"line":356,"column":null}},"106":{"start":{"line":360,"column":4},"end":{"line":371,"column":null}},"107":{"start":{"line":373,"column":4},"end":{"line":373,"column":null}},"108":{"start":{"line":374,"column":4},"end":{"line":374,"column":null}},"109":{"start":{"line":377,"column":4},"end":{"line":379,"column":null}},"110":{"start":{"line":378,"column":8},"end":{"line":378,"column":null}},"111":{"start":{"line":382,"column":4},"end":{"line":382,"column":null}},"112":{"start":{"line":383,"column":4},"end":{"line":385,"column":null}},"113":{"start":{"line":384,"column":8},"end":{"line":384,"column":null}},"114":{"start":{"line":384,"column":34},"end":{"line":384,"column":null}},"115":{"start":{"line":388,"column":23},"end":{"line":393,"column":5}},"116":{"start":{"line":389,"column":8},"end":{"line":392,"column":null}},"117":{"start":{"line":390,"column":12},"end":{"line":390,"column":null}},"118":{"start":{"line":391,"column":12},"end":{"line":391,"column":null}},"119":{"start":{"line":394,"column":4},"end":{"line":394,"column":null}},"120":{"start":{"line":401,"column":4},"end":{"line":406,"column":null}},"121":{"start":{"line":402,"column":8},"end":{"line":402,"column":null}},"122":{"start":{"line":403,"column":22},"end":{"line":403,"column":33}},"123":{"start":{"line":404,"column":8},"end":{"line":404,"column":null}},"124":{"start":{"line":404,"column":25},"end":{"line":404,"column":39}},"125":{"start":{"line":405,"column":8},"end":{"line":405,"column":null}},"126":{"start":{"line":417,"column":4},"end":{"line":422,"column":13}},"127":{"start":{"line":418,"column":23},"end":{"line":418,"column":58}},"128":{"start":{"line":419,"column":8},"end":{"line":421,"column":null}},"129":{"start":{"line":420,"column":12},"end":{"line":420,"column":null}},"130":{"start":{"line":424,"column":4},"end":{"line":428,"column":null}},"131":{"start":{"line":425,"column":8},"end":{"line":427,"column":null}},"132":{"start":{"line":426,"column":12},"end":{"line":426,"column":null}},"133":{"start":{"line":431,"column":4},"end":{"line":437,"column":null}},"134":{"start":{"line":432,"column":23},"end":{"line":432,"column":58}},"135":{"start":{"line":433,"column":8},"end":{"line":436,"column":null}},"136":{"start":{"line":434,"column":12},"end":{"line":434,"column":null}},"137":{"start":{"line":435,"column":12},"end":{"line":435,"column":null}},"138":{"start":{"line":440,"column":22},"end":{"line":440,"column":26}},"139":{"start":{"line":441,"column":4},"end":{"line":467,"column":null}},"140":{"start":{"line":442,"column":23},"end":{"line":442,"column":58}},"141":{"start":{"line":444,"column":8},"end":{"line":451,"column":null}},"142":{"start":{"line":446,"column":12},"end":{"line":448,"column":null}},"143":{"start":{"line":447,"column":16},"end":{"line":447,"column":null}},"144":{"start":{"line":449,"column":12},"end":{"line":449,"column":null}},"145":{"start":{"line":450,"column":12},"end":{"line":450,"column":null}},"146":{"start":{"line":453,"column":8},"end":{"line":453,"column":null}},"147":{"start":{"line":456,"column":23},"end":{"line":456,"column":68}},"148":{"start":{"line":458,"column":8},"end":{"line":466,"column":null}},"149":{"start":{"line":460,"column":12},"end":{"line":460,"column":null}},"150":{"start":{"line":461,"column":12},"end":{"line":461,"column":null}},"151":{"start":{"line":464,"column":12},"end":{"line":464,"column":null}},"152":{"start":{"line":465,"column":12},"end":{"line":465,"column":null}}},"fnMap":{"0":{"name":"resolveData","decl":{"start":{"line":27,"column":9},"end":{"line":27,"column":20}},"loc":{"start":{"line":27,"column":29},"end":{"line":86,"column":null}},"line":27},"1":{"name":"buildElementTableHTML","decl":{"start":{"line":94,"column":9},"end":{"line":94,"column":30}},"loc":{"start":{"line":94,"column":54},"end":{"line":134,"column":null}},"line":94},"2":{"name":"(anonymous_2)","decl":{"start":{"line":96,"column":72},"end":{"line":96,"column":75}},"loc":{"start":{"line":96,"column":79},"end":{"line":96,"column":100}},"line":96},"3":{"name":"(anonymous_3)","decl":{"start":{"line":98,"column":28},"end":{"line":98,"column":30}},"loc":{"start":{"line":98,"column":34},"end":{"line":118,"column":5}},"line":98},"4":{"name":"showTooltip","decl":{"start":{"line":140,"column":9},"end":{"line":140,"column":20}},"loc":{"start":{"line":140,"column":29},"end":{"line":218,"column":null}},"line":140},"5":{"name":"positionTooltip","decl":{"start":{"line":223,"column":9},"end":{"line":223,"column":24}},"loc":{"start":{"line":223,"column":42},"end":{"line":243,"column":null}},"line":223},"6":{"name":"hideTooltip","decl":{"start":{"line":248,"column":9},"end":{"line":248,"column":20}},"loc":{"start":{"line":248,"column":23},"end":{"line":253,"column":null}},"line":248},"7":{"name":"showDetailModal","decl":{"start":{"line":261,"column":9},"end":{"line":261,"column":24}},"loc":{"start":{"line":261,"column":33},"end":{"line":395,"column":null}},"line":261},"8":{"name":"(anonymous_8)","decl":{"start":{"line":377,"column":26},"end":{"line":377,"column":27}},"loc":{"start":{"line":377,"column":32},"end":{"line":379,"column":5}},"line":377},"9":{"name":"(anonymous_9)","decl":{"start":{"line":383,"column":38},"end":{"line":383,"column":39}},"loc":{"start":{"line":383,"column":45},"end":{"line":385,"column":5}},"line":383},"10":{"name":"(anonymous_10)","decl":{"start":{"line":388,"column":23},"end":{"line":388,"column":24}},"loc":{"start":{"line":388,"column":30},"end":{"line":393,"column":5}},"line":388},"11":{"name":"hideDetailModal","decl":{"start":{"line":400,"column":9},"end":{"line":400,"column":24}},"loc":{"start":{"line":400,"column":27},"end":{"line":407,"column":null}},"line":400},"12":{"name":"(anonymous_12)","decl":{"start":{"line":404,"column":19},"end":{"line":404,"column":20}},"loc":{"start":{"line":404,"column":25},"end":{"line":404,"column":39}},"line":404},"13":{"name":"initAttributeTooltips","decl":{"start":{"line":415,"column":16},"end":{"line":415,"column":37}},"loc":{"start":{"line":415,"column":40},"end":{"line":468,"column":null}},"line":415},"14":{"name":"(anonymous_14)","decl":{"start":{"line":417,"column":44},"end":{"line":417,"column":45}},"loc":{"start":{"line":417,"column":51},"end":{"line":422,"column":5}},"line":417},"15":{"name":"(anonymous_15)","decl":{"start":{"line":424,"column":44},"end":{"line":424,"column":45}},"loc":{"start":{"line":424,"column":51},"end":{"line":428,"column":5}},"line":424},"16":{"name":"(anonymous_16)","decl":{"start":{"line":431,"column":39},"end":{"line":431,"column":40}},"loc":{"start":{"line":431,"column":46},"end":{"line":437,"column":5}},"line":431},"17":{"name":"(anonymous_17)","decl":{"start":{"line":441,"column":42},"end":{"line":441,"column":43}},"loc":{"start":{"line":441,"column":49},"end":{"line":467,"column":5}},"line":441}},"branchMap":{"0":{"loc":{"start":{"line":31,"column":4},"end":{"line":44,"column":null}},"type":"if","locations":[{"start":{"line":31,"column":4},"end":{"line":44,"column":null}},{"start":{},"end":{}}],"line":31},"1":{"loc":{"start":{"line":34,"column":8},"end":{"line":42,"column":null}},"type":"if","locations":[{"start":{"line":34,"column":8},"end":{"line":42,"column":null}},{"start":{},"end":{}}],"line":34},"2":{"loc":{"start":{"line":46,"column":4},"end":{"line":65,"column":null}},"type":"if","locations":[{"start":{"line":46,"column":4},"end":{"line":65,"column":null}},{"start":{},"end":{}}],"line":46},"3":{"loc":{"start":{"line":49,"column":8},"end":{"line":63,"column":null}},"type":"if","locations":[{"start":{"line":49,"column":8},"end":{"line":63,"column":null}},{"start":{},"end":{}}],"line":49},"4":{"loc":{"start":{"line":49,"column":12},"end":{"line":49,"column":31}},"type":"binary-expr","locations":[{"start":{"line":49,"column":12},"end":{"line":49,"column":20}},{"start":{"line":49,"column":24},"end":{"line":49,"column":31}}],"line":49},"5":{"loc":{"start":{"line":51,"column":12},"end":{"line":62,"column":null}},"type":"if","locations":[{"start":{"line":51,"column":12},"end":{"line":62,"column":null}},{"start":{},"end":{}}],"line":51},"6":{"loc":{"start":{"line":67,"column":4},"end":{"line":81,"column":null}},"type":"if","locations":[{"start":{"line":67,"column":4},"end":{"line":81,"column":null}},{"start":{},"end":{}}],"line":67},"7":{"loc":{"start":{"line":69,"column":8},"end":{"line":80,"column":null}},"type":"if","locations":[{"start":{"line":69,"column":8},"end":{"line":80,"column":null}},{"start":{},"end":{}}],"line":69},"8":{"loc":{"start":{"line":83,"column":4},"end":{"line":83,"column":null}},"type":"if","locations":[{"start":{"line":83,"column":4},"end":{"line":83,"column":null}},{"start":{},"end":{}}],"line":83},"9":{"loc":{"start":{"line":84,"column":4},"end":{"line":84,"column":null}},"type":"if","locations":[{"start":{"line":84,"column":4},"end":{"line":84,"column":null}},{"start":{},"end":{}}],"line":84},"10":{"loc":{"start":{"line":94,"column":37},"end":{"line":94,"column":52}},"type":"default-arg","locations":[{"start":{"line":94,"column":47},"end":{"line":94,"column":52}}],"line":94},"11":{"loc":{"start":{"line":96,"column":23},"end":{"line":96,"column":101}},"type":"binary-expr","locations":[{"start":{"line":96,"column":23},"end":{"line":96,"column":35}},{"start":{"line":96,"column":39},"end":{"line":96,"column":101}}],"line":96},"12":{"loc":{"start":{"line":96,"column":79},"end":{"line":96,"column":100}},"type":"binary-expr","locations":[{"start":{"line":96,"column":79},"end":{"line":96,"column":82}},{"start":{"line":96,"column":86},"end":{"line":96,"column":100}}],"line":96},"13":{"loc":{"start":{"line":100,"column":8},"end":{"line":100,"column":null}},"type":"if","locations":[{"start":{"line":100,"column":8},"end":{"line":100,"column":null}},{"start":{},"end":{}}],"line":100},"14":{"loc":{"start":{"line":101,"column":22},"end":{"line":101,"column":58}},"type":"binary-expr","locations":[{"start":{"line":101,"column":23},"end":{"line":101,"column":33}},{"start":{"line":101,"column":37},"end":{"line":101,"column":51}},{"start":{"line":101,"column":56},"end":{"line":101,"column":58}}],"line":101},"15":{"loc":{"start":{"line":102,"column":24},"end":{"line":102,"column":64}},"type":"binary-expr","locations":[{"start":{"line":102,"column":25},"end":{"line":102,"column":37}},{"start":{"line":102,"column":41},"end":{"line":102,"column":57}},{"start":{"line":102,"column":62},"end":{"line":102,"column":64}}],"line":102},"16":{"loc":{"start":{"line":103,"column":8},"end":{"line":103,"column":null}},"type":"if","locations":[{"start":{"line":103,"column":8},"end":{"line":103,"column":null}},{"start":{},"end":{}}],"line":103},"17":{"loc":{"start":{"line":103,"column":12},"end":{"line":103,"column":54}},"type":"binary-expr","locations":[{"start":{"line":103,"column":12},"end":{"line":103,"column":30}},{"start":{"line":103,"column":34},"end":{"line":103,"column":54}}],"line":103},"18":{"loc":{"start":{"line":105,"column":25},"end":{"line":105,"column":66}},"type":"cond-expr","locations":[{"start":{"line":105,"column":44},"end":{"line":105,"column":60}},{"start":{"line":105,"column":63},"end":{"line":105,"column":66}}],"line":105},"19":{"loc":{"start":{"line":106,"column":27},"end":{"line":106,"column":71}},"type":"cond-expr","locations":[{"start":{"line":106,"column":48},"end":{"line":106,"column":66}},{"start":{"line":106,"column":69},"end":{"line":106,"column":71}}],"line":106},"20":{"loc":{"start":{"line":115,"column":18},"end":{"line":115,"column":87}},"type":"cond-expr","locations":[{"start":{"line":115,"column":31},"end":{"line":115,"column":82}},{"start":{"line":115,"column":85},"end":{"line":115,"column":87}}],"line":115},"21":{"loc":{"start":{"line":115,"column":58},"end":{"line":115,"column":75}},"type":"binary-expr","locations":[{"start":{"line":115,"column":58},"end":{"line":115,"column":68}},{"start":{"line":115,"column":72},"end":{"line":115,"column":75}}],"line":115},"22":{"loc":{"start":{"line":126,"column":22},"end":{"line":126,"column":85}},"type":"cond-expr","locations":[{"start":{"line":126,"column":35},"end":{"line":126,"column":80}},{"start":{"line":126,"column":83},"end":{"line":126,"column":85}}],"line":126},"23":{"loc":{"start":{"line":143,"column":4},"end":{"line":143,"column":null}},"type":"if","locations":[{"start":{"line":143,"column":4},"end":{"line":143,"column":null}},{"start":{},"end":{}}],"line":143},"24":{"loc":{"start":{"line":149,"column":4},"end":{"line":211,"column":null}},"type":"if","locations":[{"start":{"line":149,"column":4},"end":{"line":211,"column":null}},{"start":{"line":161,"column":11},"end":{"line":211,"column":null}}],"line":149},"25":{"loc":{"start":{"line":161,"column":11},"end":{"line":211,"column":null}},"type":"if","locations":[{"start":{"line":161,"column":11},"end":{"line":211,"column":null}},{"start":{"line":172,"column":11},"end":{"line":211,"column":null}}],"line":161},"26":{"loc":{"start":{"line":167,"column":18},"end":{"line":167,"column":90}},"type":"cond-expr","locations":[{"start":{"line":167,"column":29},"end":{"line":167,"column":85}},{"start":{"line":167,"column":88},"end":{"line":167,"column":90}}],"line":167},"27":{"loc":{"start":{"line":172,"column":11},"end":{"line":211,"column":null}},"type":"if","locations":[{"start":{"line":172,"column":11},"end":{"line":211,"column":null}},{"start":{"line":185,"column":11},"end":{"line":211,"column":null}}],"line":172},"28":{"loc":{"start":{"line":173,"column":25},"end":{"line":173,"column":125}},"type":"cond-expr","locations":[{"start":{"line":173,"column":37},"end":{"line":173,"column":120}},{"start":{"line":173,"column":123},"end":{"line":173,"column":125}}],"line":173},"29":{"loc":{"start":{"line":187,"column":25},"end":{"line":187,"column":116}},"type":"cond-expr","locations":[{"start":{"line":187,"column":37},"end":{"line":187,"column":111}},{"start":{"line":187,"column":114},"end":{"line":187,"column":116}}],"line":187},"30":{"loc":{"start":{"line":190,"column":8},"end":{"line":197,"column":null}},"type":"if","locations":[{"start":{"line":190,"column":8},"end":{"line":197,"column":null}},{"start":{},"end":{}}],"line":190},"31":{"loc":{"start":{"line":190,"column":12},"end":{"line":190,"column":39}},"type":"binary-expr","locations":[{"start":{"line":190,"column":12},"end":{"line":190,"column":23}},{"start":{"line":190,"column":27},"end":{"line":190,"column":39}}],"line":190},"32":{"loc":{"start":{"line":193,"column":22},"end":{"line":193,"column":80}},"type":"cond-expr","locations":[{"start":{"line":193,"column":36},"end":{"line":193,"column":75}},{"start":{"line":193,"column":78},"end":{"line":193,"column":80}}],"line":193},"33":{"loc":{"start":{"line":194,"column":22},"end":{"line":194,"column":87}},"type":"cond-expr","locations":[{"start":{"line":194,"column":37},"end":{"line":194,"column":82}},{"start":{"line":194,"column":85},"end":{"line":194,"column":87}}],"line":194},"34":{"loc":{"start":{"line":205,"column":18},"end":{"line":205,"column":96}},"type":"cond-expr","locations":[{"start":{"line":205,"column":39},"end":{"line":205,"column":91}},{"start":{"line":205,"column":94},"end":{"line":205,"column":96}}],"line":205},"35":{"loc":{"start":{"line":232,"column":4},"end":{"line":235,"column":null}},"type":"if","locations":[{"start":{"line":232,"column":4},"end":{"line":235,"column":null}},{"start":{},"end":{}}],"line":232},"36":{"loc":{"start":{"line":249,"column":4},"end":{"line":252,"column":null}},"type":"if","locations":[{"start":{"line":249,"column":4},"end":{"line":252,"column":null}},{"start":{},"end":{}}],"line":249},"37":{"loc":{"start":{"line":266,"column":4},"end":{"line":266,"column":null}},"type":"if","locations":[{"start":{"line":266,"column":4},"end":{"line":266,"column":null}},{"start":{},"end":{}}],"line":266},"38":{"loc":{"start":{"line":275,"column":4},"end":{"line":357,"column":null}},"type":"if","locations":[{"start":{"line":275,"column":4},"end":{"line":357,"column":null}},{"start":{"line":288,"column":11},"end":{"line":357,"column":null}}],"line":275},"39":{"loc":{"start":{"line":288,"column":11},"end":{"line":357,"column":null}},"type":"if","locations":[{"start":{"line":288,"column":11},"end":{"line":357,"column":null}},{"start":{"line":301,"column":11},"end":{"line":357,"column":null}}],"line":288},"40":{"loc":{"start":{"line":288,"column":15},"end":{"line":288,"column":102}},"type":"binary-expr","locations":[{"start":{"line":288,"column":15},"end":{"line":288,"column":45}},{"start":{"line":288,"column":50},"end":{"line":288,"column":67}},{"start":{"line":288,"column":71},"end":{"line":288,"column":101}}],"line":288},"41":{"loc":{"start":{"line":298,"column":77},"end":{"line":298,"column":150}},"type":"cond-expr","locations":[{"start":{"line":298,"column":95},"end":{"line":298,"column":134}},{"start":{"line":298,"column":137},"end":{"line":298,"column":150}}],"line":298},"42":{"loc":{"start":{"line":301,"column":11},"end":{"line":357,"column":null}},"type":"if","locations":[{"start":{"line":301,"column":11},"end":{"line":357,"column":null}},{"start":{"line":318,"column":11},"end":{"line":357,"column":null}}],"line":301},"43":{"loc":{"start":{"line":305,"column":18},"end":{"line":305,"column":92}},"type":"cond-expr","locations":[{"start":{"line":305,"column":29},"end":{"line":305,"column":87}},{"start":{"line":305,"column":90},"end":{"line":305,"column":92}}],"line":305},"44":{"loc":{"start":{"line":318,"column":11},"end":{"line":357,"column":null}},"type":"if","locations":[{"start":{"line":318,"column":11},"end":{"line":357,"column":null}},{"start":{"line":333,"column":11},"end":{"line":357,"column":null}}],"line":318},"45":{"loc":{"start":{"line":319,"column":25},"end":{"line":319,"column":136}},"type":"cond-expr","locations":[{"start":{"line":319,"column":37},"end":{"line":319,"column":131}},{"start":{"line":319,"column":134},"end":{"line":319,"column":136}}],"line":319},"46":{"loc":{"start":{"line":335,"column":25},"end":{"line":335,"column":127}},"type":"cond-expr","locations":[{"start":{"line":335,"column":37},"end":{"line":335,"column":122}},{"start":{"line":335,"column":125},"end":{"line":335,"column":127}}],"line":335},"47":{"loc":{"start":{"line":336,"column":26},"end":{"line":336,"column":156}},"type":"cond-expr","locations":[{"start":{"line":336,"column":47},"end":{"line":336,"column":56}},{"start":{"line":336,"column":60},"end":{"line":336,"column":155}}],"line":336},"48":{"loc":{"start":{"line":336,"column":60},"end":{"line":336,"column":155}},"type":"cond-expr","locations":[{"start":{"line":336,"column":83},"end":{"line":336,"column":100}},{"start":{"line":336,"column":103},"end":{"line":336,"column":155}}],"line":336},"49":{"loc":{"start":{"line":336,"column":103},"end":{"line":336,"column":155}},"type":"cond-expr","locations":[{"start":{"line":336,"column":128},"end":{"line":336,"column":145}},{"start":{"line":336,"column":148},"end":{"line":336,"column":155}}],"line":336},"50":{"loc":{"start":{"line":350,"column":14},"end":{"line":355,"column":24}},"type":"cond-expr","locations":[{"start":{"line":350,"column":28},"end":{"line":355,"column":19}},{"start":{"line":355,"column":22},"end":{"line":355,"column":24}}],"line":350},"51":{"loc":{"start":{"line":354,"column":18},"end":{"line":354,"column":77}},"type":"cond-expr","locations":[{"start":{"line":354,"column":33},"end":{"line":354,"column":72}},{"start":{"line":354,"column":75},"end":{"line":354,"column":77}}],"line":354},"52":{"loc":{"start":{"line":384,"column":8},"end":{"line":384,"column":null}},"type":"if","locations":[{"start":{"line":384,"column":8},"end":{"line":384,"column":null}},{"start":{},"end":{}}],"line":384},"53":{"loc":{"start":{"line":389,"column":8},"end":{"line":392,"column":null}},"type":"if","locations":[{"start":{"line":389,"column":8},"end":{"line":392,"column":null}},{"start":{},"end":{}}],"line":389},"54":{"loc":{"start":{"line":401,"column":4},"end":{"line":406,"column":null}},"type":"if","locations":[{"start":{"line":401,"column":4},"end":{"line":406,"column":null}},{"start":{},"end":{}}],"line":401},"55":{"loc":{"start":{"line":419,"column":8},"end":{"line":421,"column":null}},"type":"if","locations":[{"start":{"line":419,"column":8},"end":{"line":421,"column":null}},{"start":{},"end":{}}],"line":419},"56":{"loc":{"start":{"line":425,"column":8},"end":{"line":427,"column":null}},"type":"if","locations":[{"start":{"line":425,"column":8},"end":{"line":427,"column":null}},{"start":{},"end":{}}],"line":425},"57":{"loc":{"start":{"line":433,"column":8},"end":{"line":436,"column":null}},"type":"if","locations":[{"start":{"line":433,"column":8},"end":{"line":436,"column":null}},{"start":{},"end":{}}],"line":433},"58":{"loc":{"start":{"line":444,"column":8},"end":{"line":451,"column":null}},"type":"if","locations":[{"start":{"line":444,"column":8},"end":{"line":451,"column":null}},{"start":{},"end":{}}],"line":444},"59":{"loc":{"start":{"line":446,"column":12},"end":{"line":448,"column":null}},"type":"if","locations":[{"start":{"line":446,"column":12},"end":{"line":448,"column":null}},{"start":{},"end":{}}],"line":446},"60":{"loc":{"start":{"line":446,"column":16},"end":{"line":446,"column":67}},"type":"binary-expr","locations":[{"start":{"line":446,"column":16},"end":{"line":446,"column":29}},{"start":{"line":446,"column":33},"end":{"line":446,"column":67}}],"line":446},"61":{"loc":{"start":{"line":456,"column":23},"end":{"line":456,"column":68}},"type":"binary-expr","locations":[{"start":{"line":456,"column":23},"end":{"line":456,"column":42}},{"start":{"line":456,"column":46},"end":{"line":456,"column":68}}],"line":456},"62":{"loc":{"start":{"line":458,"column":8},"end":{"line":466,"column":null}},"type":"if","locations":[{"start":{"line":458,"column":8},"end":{"line":466,"column":null}},{"start":{"line":462,"column":15},"end":{"line":466,"column":null}}],"line":458},"63":{"loc":{"start":{"line":458,"column":12},"end":{"line":458,"column":51}},"type":"binary-expr","locations":[{"start":{"line":458,"column":12},"end":{"line":458,"column":34}},{"start":{"line":458,"column":38},"end":{"line":458,"column":51}}],"line":458}},"s":{"0":1,"1":1,"2":1,"3":1,"4":0,"5":0,"6":0,"7":0,"8":0,"9":0,"10":0,"11":0,"12":0,"13":0,"14":0,"15":0,"16":0,"17":0,"18":0,"19":0,"20":0,"21":0,"22":0,"23":0,"24":0,"25":0,"26":0,"27":0,"28":0,"29":0,"30":0,"31":0,"32":0,"33":0,"34":0,"35":0,"36":0,"37":0,"38":0,"39":0,"40":0,"41":0,"42":0,"43":0,"44":0,"45":0,"46":0,"47":0,"48":0,"49":0,"50":0,"51":0,"52":0,"53":0,"54":0,"55":0,"56":0,"57":0,"58":0,"59":0,"60":0,"61":0,"62":0,"63":0,"64":0,"65":0,"66":0,"67":0,"68":0,"69":0,"70":0,"71":0,"72":0,"73":0,"74":0,"75":0,"76":0,"77":0,"78":0,"79":0,"80":0,"81":0,"82":0,"83":0,"84":0,"85":0,"86":0,"87":0,"88":0,"89":0,"90":0,"91":0,"92":0,"93":0,"94":0,"95":0,"96":0,"97":0,"98":0,"99":0,"100":0,"101":0,"102":0,"103":0,"104":0,"105":0,"106":0,"107":0,"108":0,"109":0,"110":0,"111":0,"112":0,"113":0,"114":0,"115":0,"116":0,"117":0,"118":0,"119":0,"120":0,"121":0,"122":0,"123":0,"124":0,"125":0,"126":1,"127":0,"128":0,"129":0,"130":1,"131":0,"132":0,"133":1,"134":0,"135":0,"136":0,"137":0,"138":1,"139":1,"140":0,"141":0,"142":0,"143":0,"144":0,"145":0,"146":0,"147":0,"148":0,"149":0,"150":0,"151":0,"152":0},"f":{"0":0,"1":0,"2":0,"3":0,"4":0,"5":0,"6":0,"7":0,"8":0,"9":0,"10":0,"11":0,"12":0,"13":1,"14":0,"15":0,"16":0,"17":0},"b":{"0":[0,0],"1":[0,0],"2":[0,0],"3":[0,0],"4":[0,0],"5":[0,0],"6":[0,0],"7":[0,0],"8":[0,0],"9":[0,0],"10":[0],"11":[0,0],"12":[0,0],"13":[0,0],"14":[0,0,0],"15":[0,0,0],"16":[0,0],"17":[0,0],"18":[0,0],"19":[0,0],"20":[0,0],"21":[0,0],"22":[0,0],"23":[0,0],"24":[0,0],"25":[0,0],"26":[0,0],"27":[0,0],"28":[0,0],"29":[0,0],"30":[0,0],"31":[0,0],"32":[0,0],"33":[0,0],"34":[0,0],"35":[0,0],"36":[0,0],"37":[0,0],"38":[0,0],"39":[0,0],"40":[0,0,0],"41":[0,0],"42":[0,0],"43":[0,0],"44":[0,0],"45":[0,0],"46":[0,0],"47":[0,0],"48":[0,0],"49":[0,0],"50":[0,0],"51":[0,0],"52":[0,0],"53":[0,0],"54":[0,0],"55":[0,0],"56":[0,0],"57":[0,0],"58":[0,0],"59":[0,0],"60":[0,0],"61":[0,0],"62":[0,0],"63":[0,0]},"meta":{"lastBranch":64,"lastFunction":18,"lastStatement":153,"seen":{"s:15:20:15:24":0,"s:16:18:16:22":1,"s:17:22:17:26":2,"s:18:27:18:32":3,"f:27:9:27:20":0,"s:28:16:28:38":4,"b:31:4:44:Infinity:undefined:undefined:undefined:undefined":0,"s:31:4:44:Infinity":5,"s:32:28:32:50":6,"s:33:27:33:58":7,"b:34:8:42:Infinity:undefined:undefined:undefined:undefined":1,"s:34:8:42:Infinity":8,"s:35:12:41:Infinity":9,"s:43:8:43:Infinity":10,"b:46:4:65:Infinity:undefined:undefined:undefined:undefined":2,"s:46:4:65:Infinity":11,"s:47:25:47:44":12,"s:48:24:48:43":13,"b:49:8:63:Infinity:undefined:undefined:undefined:undefined":3,"s:49:8:63:Infinity":14,"b:49:12:49:20:49:24:49:31":4,"s:50:28:50:59":15,"b:51:12:62:Infinity:undefined:undefined:undefined:undefined":5,"s:51:12:62:Infinity":16,"s:52:16:61:Infinity":17,"s:64:8:64:Infinity":18,"b:67:4:81:Infinity:undefined:undefined:undefined:undefined":6,"s:67:4:81:Infinity":19,"s:68:24:68:49":20,"b:69:8:80:Infinity:undefined:undefined:undefined:undefined":7,"s:69:8:80:Infinity":21,"s:70:12:79:Infinity":22,"b:83:4:83:Infinity:undefined:undefined:undefined:undefined":8,"s:83:4:83:Infinity":23,"s:83:29:83:Infinity":24,"b:84:4:84:Infinity:undefined:undefined:undefined:undefined":9,"s:84:4:84:Infinity":25,"s:84:26:84:Infinity":26,"s:85:4:85:Infinity":27,"f:94:9:94:30":1,"b:94:47:94:52":10,"s:95:21:95:70":28,"s:96:23:96:101":29,"b:96:23:96:35:96:39:96:101":11,"f:96:72:96:75":2,"s:96:79:96:100":30,"b:96:79:96:82:96:86:96:100":12,"s:98:15:118:31":31,"f:98:28:98:30":3,"s:99:23:99:38":32,"b:100:8:100:Infinity:undefined:undefined:undefined:undefined":13,"s:100:8:100:Infinity":33,"s:100:21:100:Infinity":34,"s:101:22:101:58":35,"b:101:23:101:33:101:37:101:51:101:56:101:58":14,"s:102:24:102:64":36,"b:102:25:102:37:102:41:102:57:102:62:102:64":15,"b:103:8:103:Infinity:undefined:undefined:undefined:undefined":16,"s:103:8:103:Infinity":37,"b:103:12:103:30:103:34:103:54":17,"s:103:56:103:Infinity":38,"s:105:25:105:66":39,"b:105:44:105:60:105:63:105:66":18,"s:106:27:106:71":40,"b:106:48:106:66:106:69:106:71":19,"s:108:8:117:Infinity":41,"b:115:31:115:82:115:85:115:87":20,"b:115:58:115:68:115:72:115:75":21,"s:120:4:133:Infinity":42,"b:126:35:126:80:126:83:126:85":22,"f:140:9:140:20":4,"s:141:4:141:18":43,"s:142:21:142:40":44,"b:143:4:143:Infinity:undefined:undefined:undefined:undefined":23,"s:143:4:143:Infinity":45,"s:143:19:143:Infinity":46,"s:145:29:145:37":47,"s:146:20:146:49":48,"s:147:4:147:Infinity":49,"b:149:4:211:Infinity:161:11:211:Infinity":24,"s:149:4:211:Infinity":50,"s:150:8:150:Infinity":51,"s:151:8:160:Infinity":52,"b:161:11:211:Infinity:172:11:211:Infinity":25,"s:161:11:211:Infinity":53,"s:162:8:171:Infinity":54,"b:167:29:167:85:167:88:167:90":26,"b:172:11:211:Infinity:185:11:211:Infinity":27,"s:172:11:211:Infinity":55,"s:173:25:173:125":56,"b:173:37:173:120:173:123:173:125":28,"s:174:8:184:Infinity":57,"s:187:25:187:116":58,"b:187:37:187:111:187:114:187:116":29,"s:189:29:189:31":59,"b:190:8:197:Infinity:undefined:undefined:undefined:undefined":30,"s:190:8:197:Infinity":60,"b:190:12:190:23:190:27:190:39":31,"s:191:12:196:Infinity":61,"b:193:36:193:75:193:78:193:80":32,"b:194:37:194:82:194:85:194:87":33,"s:199:8:210:Infinity":62,"b:205:39:205:91:205:94:205:96":34,"s:213:4:213:Infinity":63,"s:214:4:214:Infinity":64,"s:217:4:217:Infinity":65,"f:223:9:223:24":5,"s:224:17:224:47":66,"s:225:24:225:55":67,"s:226:20:226:21":68,"s:228:14:228:53":69,"s:229:15:229:69":70,"b:232:4:235:Infinity:undefined:undefined:undefined:undefined":35,"s:232:4:235:Infinity":71,"s:233:8:233:Infinity":72,"s:234:8:234:Infinity":73,"s:238:4:238:Infinity":74,"s:240:4:240:Infinity":75,"s:241:4:241:Infinity":76,"s:242:4:242:Infinity":77,"f:248:9:248:20":6,"b:249:4:252:Infinity:undefined:undefined:undefined:undefined":36,"s:249:4:252:Infinity":78,"s:250:8:250:Infinity":79,"s:251:8:251:Infinity":80,"f:261:9:261:24":7,"s:262:4:262:Infinity":81,"s:263:4:263:Infinity":82,"s:265:21:265:40":83,"b:266:4:266:Infinity:undefined:undefined:undefined:undefined":37,"s:266:4:266:Infinity":84,"s:266:19:266:Infinity":85,"s:268:29:268:37":86,"s:269:20:269:49":87,"s:270:4:270:Infinity":88,"b:275:4:357:Infinity:288:11:357:Infinity":38,"s:275:4:357:Infinity":89,"s:276:8:281:Infinity":90,"s:282:8:287:Infinity":91,"b:288:11:357:Infinity:301:11:357:Infinity":39,"s:288:11:357:Infinity":92,"b:288:15:288:45:288:50:288:67:288:71:288:101":40,"s:289:8:295:Infinity":93,"s:296:8:300:Infinity":94,"b:298:95:298:134:298:137:298:150":41,"b:301:11:357:Infinity:318:11:357:Infinity":42,"s:301:11:357:Infinity":95,"s:302:8:307:Infinity":96,"b:305:29:305:87:305:90:305:92":43,"s:308:8:317:Infinity":97,"b:318:11:357:Infinity:333:11:357:Infinity":44,"s:318:11:357:Infinity":98,"s:319:25:319:136":99,"b:319:37:319:131:319:134:319:136":45,"s:320:8:326:Infinity":100,"s:327:8:332:Infinity":101,"s:335:25:335:127":102,"b:335:37:335:122:335:125:335:127":46,"s:336:26:336:156":103,"b:336:47:336:56:336:60:336:155":47,"b:336:83:336:100:336:103:336:155":48,"b:336:128:336:145:336:148:336:155":49,"s:338:8:344:Infinity":104,"s:345:8:356:Infinity":105,"b:350:28:355:19:355:22:355:24":50,"b:354:33:354:72:354:75:354:77":51,"s:360:4:371:Infinity":106,"s:373:4:373:Infinity":107,"s:374:4:374:Infinity":108,"s:377:4:379:Infinity":109,"f:377:26:377:27":8,"s:378:8:378:Infinity":110,"s:382:4:382:Infinity":111,"s:383:4:385:Infinity":112,"f:383:38:383:39":9,"b:384:8:384:Infinity:undefined:undefined:undefined:undefined":52,"s:384:8:384:Infinity":113,"s:384:34:384:Infinity":114,"s:388:23:393:5":115,"f:388:23:388:24":10,"b:389:8:392:Infinity:undefined:undefined:undefined:undefined":53,"s:389:8:392:Infinity":116,"s:390:12:390:Infinity":117,"s:391:12:391:Infinity":118,"s:394:4:394:Infinity":119,"f:400:9:400:24":11,"b:401:4:406:Infinity:undefined:undefined:undefined:undefined":54,"s:401:4:406:Infinity":120,"s:402:8:402:Infinity":121,"s:403:22:403:33":122,"s:404:8:404:Infinity":123,"f:404:19:404:20":12,"s:404:25:404:39":124,"s:405:8:405:Infinity":125,"f:415:16:415:37":13,"s:417:4:422:13":126,"f:417:44:417:45":14,"s:418:23:418:58":127,"b:419:8:421:Infinity:undefined:undefined:undefined:undefined":55,"s:419:8:421:Infinity":128,"s:420:12:420:Infinity":129,"s:424:4:428:Infinity":130,"f:424:44:424:45":15,"b:425:8:427:Infinity:undefined:undefined:undefined:undefined":56,"s:425:8:427:Infinity":131,"s:426:12:426:Infinity":132,"s:431:4:437:Infinity":133,"f:431:39:431:40":16,"s:432:23:432:58":134,"b:433:8:436:Infinity:undefined:undefined:undefined:undefined":57,"s:433:8:436:Infinity":135,"s:434:12:434:Infinity":136,"s:435:12:435:Infinity":137,"s:440:22:440:26":138,"s:441:4:467:Infinity":139,"f:441:42:441:43":17,"s:442:23:442:58":140,"b:444:8:451:Infinity:undefined:undefined:undefined:undefined":58,"s:444:8:451:Infinity":141,"b:446:12:448:Infinity:undefined:undefined:undefined:undefined":59,"s:446:12:448:Infinity":142,"b:446:16:446:29:446:33:446:67":60,"s:447:16:447:Infinity":143,"s:449:12:449:Infinity":144,"s:450:12:450:Infinity":145,"s:453:8:453:Infinity":146,"s:456:23:456:68":147,"b:456:23:456:42:456:46:456:68":61,"b:458:8:466:Infinity:462:15:466:Infinity":62,"s:458:8:466:Infinity":148,"b:458:12:458:34:458:38:458:51":63,"s:460:12:460:Infinity":149,"s:461:12:461:Infinity":150,"s:464:12:464:Infinity":151,"s:465:12:465:Infinity":152}}}
,"/home/joao-pedro/docs/jp/palacio-branco-entreprises/src/components/Calculator.js": {"path":"/home/joao-pedro/docs/jp/palacio-branco-entreprises/src/components/Calculator.js","statementMap":{"0":{"start":{"line":10,"column":16},"end":{"line":10,"column":20}},"1":{"start":{"line":17,"column":4},"end":{"line":17,"column":null}},"2":{"start":{"line":26,"column":4},"end":{"line":266,"column":null}},"3":{"start":{"line":274,"column":4},"end":{"line":276,"column":null}},"4":{"start":{"line":275,"column":8},"end":{"line":275,"column":null}},"5":{"start":{"line":278,"column":4},"end":{"line":280,"column":null}},"6":{"start":{"line":279,"column":8},"end":{"line":279,"column":null}},"7":{"start":{"line":282,"column":4},"end":{"line":286,"column":null}},"8":{"start":{"line":283,"column":8},"end":{"line":283,"column":null}},"9":{"start":{"line":284,"column":11},"end":{"line":286,"column":null}},"10":{"start":{"line":285,"column":8},"end":{"line":285,"column":null}},"11":{"start":{"line":293,"column":20},"end":{"line":293,"column":66}},"12":{"start":{"line":294,"column":4},"end":{"line":296,"column":null}},"13":{"start":{"line":295,"column":8},"end":{"line":295,"column":null}},"14":{"start":{"line":297,"column":4},"end":{"line":297,"column":null}},"15":{"start":{"line":298,"column":4},"end":{"line":298,"column":null}},"16":{"start":{"line":305,"column":20},"end":{"line":305,"column":74}},"17":{"start":{"line":306,"column":4},"end":{"line":308,"column":null}},"18":{"start":{"line":307,"column":8},"end":{"line":307,"column":null}},"19":{"start":{"line":309,"column":4},"end":{"line":309,"column":null}},"20":{"start":{"line":317,"column":19},"end":{"line":317,"column":72}},"21":{"start":{"line":318,"column":20},"end":{"line":318,"column":74}},"22":{"start":{"line":319,"column":21},"end":{"line":319,"column":77}},"23":{"start":{"line":320,"column":4},"end":{"line":320,"column":null}},"24":{"start":{"line":320,"column":17},"end":{"line":320,"column":null}},"25":{"start":{"line":322,"column":19},"end":{"line":322,"column":49}},"26":{"start":{"line":323,"column":4},"end":{"line":323,"column":null}},"27":{"start":{"line":324,"column":4},"end":{"line":326,"column":null}},"28":{"start":{"line":325,"column":8},"end":{"line":325,"column":null}},"29":{"start":{"line":328,"column":4},"end":{"line":328,"column":null}},"30":{"start":{"line":328,"column":17},"end":{"line":328,"column":null}},"31":{"start":{"line":329,"column":4},"end":{"line":329,"column":null}},"32":{"start":{"line":329,"column":18},"end":{"line":329,"column":null}},"33":{"start":{"line":336,"column":20},"end":{"line":336,"column":66}},"34":{"start":{"line":337,"column":4},"end":{"line":339,"column":null}},"35":{"start":{"line":338,"column":8},"end":{"line":338,"column":null}},"36":{"start":{"line":340,"column":4},"end":{"line":340,"column":null}},"37":{"start":{"line":348,"column":24},"end":{"line":350,"column":5}},"38":{"start":{"line":349,"column":8},"end":{"line":349,"column":null}},"39":{"start":{"line":352,"column":4},"end":{"line":407,"column":null}},"40":{"start":{"line":353,"column":28},"end":{"line":353,"column":65}},"41":{"start":{"line":355,"column":8},"end":{"line":406,"column":null}},"42":{"start":{"line":356,"column":12},"end":{"line":405,"column":null}},"43":{"start":{"line":357,"column":16},"end":{"line":364,"column":null}},"44":{"start":{"line":359,"column":20},"end":{"line":359,"column":null}},"45":{"start":{"line":359,"column":71},"end":{"line":359,"column":99}},"46":{"start":{"line":360,"column":20},"end":{"line":360,"column":null}},"47":{"start":{"line":363,"column":20},"end":{"line":363,"column":null}},"48":{"start":{"line":367,"column":16},"end":{"line":372,"column":null}},"49":{"start":{"line":368,"column":44},"end":{"line":368,"column":96}},"50":{"start":{"line":369,"column":20},"end":{"line":371,"column":null}},"51":{"start":{"line":370,"column":24},"end":{"line":370,"column":null}},"52":{"start":{"line":375,"column":16},"end":{"line":388,"column":null}},"53":{"start":{"line":376,"column":44},"end":{"line":376,"column":93}},"54":{"start":{"line":377,"column":20},"end":{"line":379,"column":null}},"55":{"start":{"line":378,"column":24},"end":{"line":378,"column":null}},"56":{"start":{"line":382,"column":20},"end":{"line":386,"column":null}},"57":{"start":{"line":383,"column":24},"end":{"line":383,"column":null}},"58":{"start":{"line":385,"column":24},"end":{"line":385,"column":null}},"59":{"start":{"line":387,"column":20},"end":{"line":387,"column":null}},"60":{"start":{"line":391,"column":16},"end":{"line":396,"column":null}},"61":{"start":{"line":392,"column":44},"end":{"line":392,"column":93}},"62":{"start":{"line":393,"column":20},"end":{"line":395,"column":null}},"63":{"start":{"line":394,"column":24},"end":{"line":394,"column":null}},"64":{"start":{"line":399,"column":33},"end":{"line":399,"column":51}},"65":{"start":{"line":400,"column":16},"end":{"line":404,"column":null}},"66":{"start":{"line":401,"column":20},"end":{"line":401,"column":null}},"67":{"start":{"line":403,"column":20},"end":{"line":403,"column":null}},"68":{"start":{"line":410,"column":34},"end":{"line":417,"column":5}},"69":{"start":{"line":411,"column":22},"end":{"line":411,"column":54}},"70":{"start":{"line":412,"column":23},"end":{"line":412,"column":56}},"71":{"start":{"line":413,"column":8},"end":{"line":416,"column":null}},"72":{"start":{"line":414,"column":27},"end":{"line":414,"column":68}},"73":{"start":{"line":415,"column":12},"end":{"line":415,"column":null}},"74":{"start":{"line":419,"column":4},"end":{"line":419,"column":null}},"75":{"start":{"line":420,"column":4},"end":{"line":420,"column":null}},"76":{"start":{"line":421,"column":4},"end":{"line":421,"column":null}},"77":{"start":{"line":424,"column":29},"end":{"line":424,"column":67}},"78":{"start":{"line":425,"column":4},"end":{"line":430,"column":null}},"79":{"start":{"line":426,"column":8},"end":{"line":426,"column":null}},"80":{"start":{"line":427,"column":11},"end":{"line":430,"column":null}},"81":{"start":{"line":428,"column":26},"end":{"line":428,"column":95}},"82":{"start":{"line":429,"column":8},"end":{"line":429,"column":null}},"83":{"start":{"line":437,"column":20},"end":{"line":437,"column":70}},"84":{"start":{"line":438,"column":4},"end":{"line":440,"column":null}},"85":{"start":{"line":439,"column":8},"end":{"line":439,"column":null}},"86":{"start":{"line":441,"column":4},"end":{"line":441,"column":null}},"87":{"start":{"line":448,"column":18},"end":{"line":448,"column":50}},"88":{"start":{"line":449,"column":4},"end":{"line":449,"column":null}},"89":{"start":{"line":449,"column":16},"end":{"line":449,"column":null}},"90":{"start":{"line":450,"column":19},"end":{"line":450,"column":60}},"91":{"start":{"line":451,"column":4},"end":{"line":451,"column":null}},"92":{"start":{"line":458,"column":18},"end":{"line":458,"column":50}},"93":{"start":{"line":459,"column":4},"end":{"line":459,"column":null}},"94":{"start":{"line":459,"column":16},"end":{"line":459,"column":null}},"95":{"start":{"line":460,"column":16},"end":{"line":460,"column":75}},"96":{"start":{"line":461,"column":4},"end":{"line":461,"column":null}},"97":{"start":{"line":468,"column":4},"end":{"line":471,"column":null}},"98":{"start":{"line":469,"column":8},"end":{"line":469,"column":null}},"99":{"start":{"line":470,"column":8},"end":{"line":470,"column":null}},"100":{"start":{"line":473,"column":18},"end":{"line":473,"column":45}},"101":{"start":{"line":474,"column":19},"end":{"line":474,"column":50}},"102":{"start":{"line":475,"column":21},"end":{"line":475,"column":54}},"103":{"start":{"line":476,"column":20},"end":{"line":476,"column":43}},"104":{"start":{"line":477,"column":21},"end":{"line":477,"column":60}},"105":{"start":{"line":479,"column":21},"end":{"line":479,"column":22}},"106":{"start":{"line":480,"column":23},"end":{"line":480,"column":24}},"107":{"start":{"line":481,"column":22},"end":{"line":481,"column":24}},"108":{"start":{"line":485,"column":4},"end":{"line":490,"column":null}},"109":{"start":{"line":486,"column":22},"end":{"line":486,"column":100}},"110":{"start":{"line":487,"column":8},"end":{"line":487,"column":null}},"111":{"start":{"line":488,"column":8},"end":{"line":488,"column":null}},"112":{"start":{"line":489,"column":8},"end":{"line":489,"column":null}},"113":{"start":{"line":493,"column":4},"end":{"line":497,"column":null}},"114":{"start":{"line":494,"column":8},"end":{"line":494,"column":null}},"115":{"start":{"line":495,"column":8},"end":{"line":495,"column":null}},"116":{"start":{"line":496,"column":8},"end":{"line":496,"column":null}},"117":{"start":{"line":500,"column":4},"end":{"line":504,"column":null}},"118":{"start":{"line":501,"column":8},"end":{"line":501,"column":null}},"119":{"start":{"line":502,"column":8},"end":{"line":502,"column":null}},"120":{"start":{"line":503,"column":8},"end":{"line":503,"column":null}},"121":{"start":{"line":507,"column":4},"end":{"line":511,"column":null}},"122":{"start":{"line":508,"column":30},"end":{"line":508,"column":57}},"123":{"start":{"line":509,"column":8},"end":{"line":509,"column":null}},"124":{"start":{"line":510,"column":8},"end":{"line":510,"column":null}},"125":{"start":{"line":514,"column":22},"end":{"line":514,"column":54}},"126":{"start":{"line":515,"column":4},"end":{"line":523,"column":null}},"127":{"start":{"line":516,"column":8},"end":{"line":516,"column":null}},"128":{"start":{"line":517,"column":8},"end":{"line":517,"column":null}},"129":{"start":{"line":518,"column":8},"end":{"line":522,"column":null}},"130":{"start":{"line":526,"column":20},"end":{"line":526,"column":55}},"131":{"start":{"line":527,"column":19},"end":{"line":527,"column":53}},"132":{"start":{"line":528,"column":4},"end":{"line":547,"column":null}},"133":{"start":{"line":530,"column":25},"end":{"line":530,"column":91}},"134":{"start":{"line":531,"column":28},"end":{"line":531,"column":96}},"135":{"start":{"line":532,"column":23},"end":{"line":532,"column":74}},"136":{"start":{"line":533,"column":24},"end":{"line":533,"column":57}},"137":{"start":{"line":534,"column":8},"end":{"line":534,"column":null}},"138":{"start":{"line":537,"column":32},"end":{"line":537,"column":94}},"139":{"start":{"line":538,"column":30},"end":{"line":538,"c
[...]
"3":7,"4":20,"5":8,"6":8,"7":40,"8":2,"9":6,"10":5,"11":5,"12":8,"13":3,"14":4,"15":2,"16":8},"b":{"0":[15],"1":[3,12],"2":[1,11],"3":[0,12],"4":[0,0],"5":[0,0],"6":[0,0],"7":[0,0],"8":[0,0],"9":[0,0],"10":[0,12],"11":[12,1],"12":[7],"13":[3,4],"14":[0,4],"15":[1,3],"16":[1,1],"17":[2,3],"18":[3,0],"19":[2,3],"20":[2,2],"21":[1,1],"22":[2,6],"23":[5,1]},"meta":{"lastBranch":24,"lastFunction":17,"lastStatement":94,"seen":{"f:15:16:15:26":0,"b:15:47:15:51":0,"b:16:4:16:Infinity:undefined:undefined:undefined:undefined":1,"s:16:4:16:Infinity":0,"s:16:15:16:Infinity":1,"b:19:4:21:Infinity:undefined:undefined:undefined:undefined":2,"s:19:4:21:Infinity":2,"s:20:8:20:Infinity":3,"b:24:4:26:Infinity:undefined:undefined:undefined:undefined":3,"s:24:4:26:Infinity":4,"s:25:8:25:Infinity":5,"s:29:4:29:Infinity":6,"s:32:4:32:Infinity":7,"s:35:4:35:Infinity":8,"s:38:20:38:40":9,"s:39:25:39:27":10,"s:40:22:40:26":11,"s:42:4:72:Infinity":12,"s:43:24:43:70":13,"s:44:22:44:77":14,"s:46:8:71:Infinity":15,"f:46:49:46:50":1,"s:47:27:47:63":16,"s:49:27:49:49":17,"s:50:30:50:59":18,"b:50:39:50:50:50:53:50:59":4,"s:52:29:52:137":19,"b:52:55:52:132:52:135:52:137":5,"b:52:30:52:36:52:40:52:51":6,"b:54:12:69:Infinity:59:19:69:Infinity":7,"s:54:12:69:Infinity":20,"s:55:16:58:Infinity":21,"b:59:19:69:Infinity:64:19:69:Infinity":8,"s:59:19:69:Infinity":22,"b:59:23:59:48:59:52:59:79":9,"s:60:16:63:Infinity":23,"s:65:16:68:Infinity":24,"s:70:12:70:Infinity":25,"s:74:4:76:Infinity":26,"s:75:8:75:Infinity":27,"s:79:4:79:Infinity":28,"b:82:4:87:Infinity:undefined:undefined:undefined:undefined":10,"s:82:4:87:Infinity":29,"b:82:8:82:19:82:22:82:53":11,"s:83:8:86:Infinity":30,"f:85:12:85:13":2,"s:85:23:85:Infinity":31,"s:90:4:90:Infinity":32,"s:92:4:92:Infinity":33,"f:103:16:103:29":3,"b:103:49:103:53":12,"b:104:4:104:Infinity:undefined:undefined:undefined:undefined":13,"s:104:4:104:Infinity":34,"s:104:18:104:Infinity":35,"b:107:4:109:Infinity:undefined:undefined:undefined:undefined":14,"s:107:4:109:Infinity":36,"s:108:8:108:Infinity":37,"s:112:4:112:Infinity":38,"s:115:26:121:5":39,"s:124:4:130:Infinity":40,"f:124:26:124:27":4,"s:126:28:126:55":41,"s:128:22:128:83":42,"s:129:8:129:Infinity":43,"s:133:16:133:65":44,"f:133:45:133:49":5,"s:133:53:133:64":45,"s:136:4:143:Infinity":46,"f:136:22:136:26":6,"s:137:27:137:31":47,"s:138:8:141:Infinity":48,"f:138:30:138:31":7,"s:139:32:139:59":49,"s:140:12:140:Infinity":50,"s:142:8:142:Infinity":51,"b:145:4:166:Infinity:undefined:undefined:undefined:undefined":15,"s:145:4:166:Infinity":52,"s:146:8:165:Infinity":53,"f:146:25:146:29":8,"s:147:33:147:44":54,"s:149:35:149:85":55,"s:150:28:150:65":56,"b:152:12:159:Infinity:undefined:undefined:undefined:undefined":16,"s:152:12:159:Infinity":57,"s:153:16:158:Infinity":58,"s:160:12:164:Infinity":59,"s:168:4:168:Infinity":60,"f:168:21:168:25":9,"s:168:29:168:58":61,"f:177:16:177:30":10,"b:178:4:178:Infinity:undefined:undefined:undefined:undefined":17,"s:178:4:178:Infinity":62,"s:178:15:178:Infinity":63,"s:179:4:179:Infinity":64,"b:179:11:179:55:179:59:179:60":18,"f:187:16:187:30":11,"s:188:23:190:14":65,"f:188:46:188:50":12,"s:189:8:189:Infinity":66,"s:192:21:192:78":67,"b:192:52:192:65:192:68:192:78":19,"s:193:4:193:Infinity":68,"f:201:16:201:28":13,"s:202:4:202:Infinity":69,"f:213:16:213:31":14,"b:214:4:214:Infinity:undefined:undefined:undefined:undefined":20,"s:214:4:214:Infinity":70,"s:214:15:214:Infinity":71,"b:216:4:216:Infinity:undefined:undefined:undefined:undefined":21,"s:216:4:216:Infinity":72,"s:216:34:216:Infinity":73,"s:218:20:218:43":74,"s:222:17:222:21":75,"s:226:25:226:27":76,"s:227:22:227:28":77,"s:229:4:243:Infinity":78,"s:232:24:232:70":79,"s:233:22:233:76":80,"s:235:8:242:Infinity":81,"f:235:49:235:50":15,"s:236:27:236:64":82,"s:237:12:240:Infinity":83,"s:241:12:241:Infinity":84,"s:246:4:248:Infinity":85,"s:247:8:247:Infinity":86,"s:250:4:250:Infinity":87,"f:258:16:258:32":16,"b:259:4:259:Infinity:undefined:undefined:undefined:undefined":22,"s:259:4:259:Infinity":88,"s:259:21:259:Infinity":89,"s:261:20:277:5":90,"b:280:4:282:Infinity:undefined:undefined:undefined:undefined":23,"s:280:4:282:Infinity":91,"s:281:8:281:Infinity":92,"s:289:4:289:Infinity":93}}}
,"/home/joao-pedro/docs/jp/palacio-branco-entreprises/src/utils/sorting.js": {"path":"/home/joao-pedro/docs/jp/palacio-branco-entreprises/src/utils/sorting.js","statementMap":{"0":{"start":{"line":18,"column":32},"end":{"line":18,"column":42}},"1":{"start":{"line":20,"column":4},"end":{"line":85,"column":null}},"2":{"start":{"line":23,"column":40},"end":{"line":26,"column":9}},"3":{"start":{"line":27,"column":30},"end":{"line":27,"column":70}},"4":{"start":{"line":29,"column":8},"end":{"line":37,"column":null}},"5":{"start":{"line":30,"column":26},"end":{"line":30,"column":47}},"6":{"start":{"line":31,"column":26},"end":{"line":31,"column":47}},"7":{"start":{"line":33,"column":12},"end":{"line":36,"column":null}},"8":{"start":{"line":35,"column":16},"end":{"line":35,"column":39}},"9":{"start":{"line":41,"column":24},"end":{"line":41,"column":54}},"10":{"start":{"line":42,"column":24},"end":{"line":42,"column":54}},"11":{"start":{"line":44,"column":8},"end":{"line":46,"column":null}},"12":{"start":{"line":45,"column":12},"end":{"line":45,"column":null}},"13":{"start":{"line":50,"column":8},"end":{"line":80,"column":null}},"14":{"start":{"line":52,"column":16},"end":{"line":52,"column":null}},"15":{"start":{"line":53,"column":16},"end":{"line":53,"column":null}},"16":{"start":{"line":54,"column":16},"end":{"line":54,"column":null}},"17":{"start":{"line":56,"column":16},"end":{"line":56,"column":null}},"18":{"start":{"line":57,"column":16},"end":{"line":57,"column":null}},"19":{"start":{"line":58,"column":16},"end":{"line":58,"column":null}},"20":{"start":{"line":60,"column":16},"end":{"line":60,"column":null}},"21":{"start":{"line":61,"column":16},"end":{"line":61,"column":null}},"22":{"start":{"line":62,"column":16},"end":{"line":62,"column":null}},"23":{"start":{"line":64,"column":16},"end":{"line":64,"column":null}},"24":{"start":{"line":65,"column":16},"end":{"line":65,"column":null}},"25":{"start":{"line":66,"column":16},"end":{"line":66,"column":null}},"26":{"start":{"line":68,"column":16},"end":{"line":68,"column":null}},"27":{"start":{"line":69,"column":16},"end":{"line":69,"column":null}},"28":{"start":{"line":70,"column":16},"end":{"line":70,"column":null}},"29":{"start":{"line":72,"column":32},"end":{"line":72,"column":58}},"30":{"start":{"line":73,"column":32},"end":{"line":73,"column":58}},"31":{"start":{"line":74,"column":16},"end":{"line":74,"column":null}},"32":{"start":{"line":75,"column":16},"end":{"line":75,"column":null}},"33":{"start":{"line":76,"column":16},"end":{"line":76,"column":null}},"34":{"start":{"line":78,"column":16},"end":{"line":78,"column":null}},"35":{"start":{"line":79,"column":16},"end":{"line":79,"column":null}},"36":{"start":{"line":82,"column":8},"end":{"line":82,"column":null}},"37":{"start":{"line":82,"column":25},"end":{"line":82,"column":null}},"38":{"start":{"line":83,"column":8},"end":{"line":83,"column":null}},"39":{"start":{"line":83,"column":25},"end":{"line":83,"column":null}},"40":{"start":{"line":84,"column":8},"end":{"line":84,"column":null}},"41":{"start":{"line":95,"column":19},"end":{"line":95,"column":27}},"42":{"start":{"line":98,"column":4},"end":{"line":100,"column":null}},"43":{"start":{"line":99,"column":8},"end":{"line":99,"column":null}},"44":{"start":{"line":99,"column":40},"end":{"line":99,"column":76}},"45":{"start":{"line":103,"column":4},"end":{"line":108,"column":null}},"46":{"start":{"line":104,"column":8},"end":{"line":107,"column":null}},"47":{"start":{"line":105,"column":32},"end":{"line":105,"column":54}},"48":{"start":{"line":106,"column":12},"end":{"line":106,"column":null}},"49":{"start":{"line":110,"column":4},"end":{"line":110,"column":null}},"50":{"start":{"line":119,"column":4},"end":{"line":119,"column":null}},"51":{"start":{"line":119,"column":22},"end":{"line":119,"column":null}},"52":{"start":{"line":121,"column":24},"end":{"line":121,"column":26}},"53":{"start":{"line":122,"column":4},"end":{"line":126,"column":null}},"54":{"start":{"line":123,"column":8},"end":{"line":125,"column":null}},"55":{"start":{"line":124,"column":12},"end":{"line":124,"column":null}},"56":{"start":{"line":127,"column":4},"end":{"line":127,"column":null}}},"fnMap":{"0":{"name":"sortVariants","decl":{"start":{"line":17,"column":16},"end":{"line":17,"column":28}},"loc":{"start":{"line":17,"column":67},"end":{"line":86,"column":null}},"line":17},"1":{"name":"(anonymous_1)","decl":{"start":{"line":20,"column":30},"end":{"line":20,"column":31}},"loc":{"start":{"line":20,"column":40},"end":{"line":85,"column":5}},"line":20},"2":{"name":"filterVariants","decl":{"start":{"line":94,"column":16},"end":{"line":94,"column":30}},"loc":{"start":{"line":94,"column":50},"end":{"line":111,"column":null}},"line":94},"3":{"name":"(anonymous_3)","decl":{"start":{"line":99,"column":35},"end":{"line":99,"column":36}},"loc":{"start":{"line":99,"column":40},"end":{"line":99,"column":76}},"line":99},"4":{"name":"(anonymous_4)","decl":{"start":{"line":104,"column":35},"end":{"line":104,"column":36}},"loc":{"start":{"line":104,"column":40},"end":{"line":107,"column":9}},"line":104},"5":{"name":"flattenVariants","decl":{"start":{"line":118,"column":16},"end":{"line":118,"column":31}},"loc":{"start":{"line":118,"column":45},"end":{"line":128,"column":null}},"line":118},"6":{"name":"(anonymous_6)","decl":{"start":{"line":122,"column":40},"end":{"line":122,"column":41}},"loc":{"start":{"line":122,"column":64},"end":{"line":126,"column":5}},"line":122},"7":{"name":"(anonymous_7)","decl":{"start":{"line":123,"column":25},"end":{"line":123,"column":26}},"loc":{"start":{"line":123,"column":30},"end":{"line":125,"column":9}},"line":123}},"branchMap":{"0":{"loc":{"start":{"line":17,"column":51},"end":{"line":17,"column":65}},"type":"default-arg","locations":[{"start":{"line":17,"column":61},"end":{"line":17,"column":65}}],"line":17},"1":{"loc":{"start":{"line":23,"column":40},"end":{"line":26,"column":9}},"type":"binary-expr","locations":[{"start":{"line":23,"column":40},"end":{"line":23,"column":48}},{"start":{"line":24,"column":13},"end":{"line":24,"column":28}},{"start":{"line":24,"column":32},"end":{"line":24,"column":59}},{"start":{"line":25,"column":13},"end":{"line":25,"column":29}},{"start":{"line":25,"column":33},"end":{"line":25,"column":61}}],"line":23},"2":{"loc":{"start":{"line":27,"column":30},"end":{"line":27,"column":70}},"type":"binary-expr","locations":[{"start":{"line":27,"column":30},"end":{"line":27,"column":46}},{"start":{"line":27,"column":50},"end":{"line":27,"column":70}}],"line":27},"3":{"loc":{"start":{"line":29,"column":8},"end":{"line":37,"column":null}},"type":"if","locations":[{"start":{"line":29,"column":8},"end":{"line":37,"column":null}},{"start":{},"end":{}}],"line":29},"4":{"loc":{"start":{"line":29,"column":12},"end":{"line":29,"column":52}},"type":"binary-expr","locations":[{"start":{"line":29,"column":12},"end":{"line":29,"column":35}},{"start":{"line":29,"column":39},"end":{"line":29,"column":52}}],"line":29},"5":{"loc":{"start":{"line":33,"column":12},"end":{"line":36,"column":null}},"type":"if","locations":[{"start":{"line":33,"column":12},"end":{"line":36,"column":null}},{"start":{},"end":{}}],"line":33},"6":{"loc":{"start":{"line":35,"column":23},"end":{"line":35,"column":38}},"type":"cond-expr","locations":[{"start":{"line":35,"column":32},"end":{"line":35,"column":34}},{"start":{"line":35,"column":37},"end":{"line":35,"column":38}}],"line":35},"7":{"loc":{"start":{"line":41,"column":24},"end":{"line":41,"column":54}},"type":"binary-expr","locations":[{"start":{"line":41,"column":24},"end":{"line":41,"column":49}},{"start":{"line":41,"column":53},"end":{"line":41,"column":54}}],"line":41},"8":{"loc":{"start":{"line":42,"column":24},"end":{"line":42,"column":54}},"type":"binary-expr","locations":[{"start":{"line":42,"column":24},"end":{"line":42,"column":49}},{"start":{"line":42,"column":53},"end":{"line":42,"column":54}}],"line":42},"9":{"loc":{"start":{"line":44,"column":8},"end":{"line":46,"column":null}},"type":"if","locations":[{"start":{"line":44,"column":8},"end":{"line":46,"column":null}},{"start":{},"end":{}}],"line":44},"10":{"loc":{"start":{"line":45,"column":19},"end":{"line":45,"column":83}},"type":"cond-expr","locations":[{"start":{"line":45,"column":43},"end":{"line":45,"column":60}},{"start":{"line":45,"column":65},"end":{"line":45,"column":82}}],"line":45},"11":{"loc":{"start":{"line":50,"column":8},"end":{"line":80,"column":null}},"type":"switch","locations":[{"start":{"line":51,"column":12},"end":{"line":54,"column":null}},{"start":{"line":55,"column":12},"end":{"line":58,"column":null}},{"start":{"line":59,"column":12},"end":{"line":62,"column":null}},{"start":{"line":63,"column":12},"end":{"line":66,"column":null}},{"start":{"line":67,"column":12},"end":{"line":70,"column":null}},{"start":{"line":71,"column":12},"end":{"line":76,"column":null}},{"start":{"line":77,"column":12},"end":{"line":79,"column":null}}],"line":50},"12":{"loc":{"start":{"line":68,"column":23},"end":{"line":68,"column":53}},"type":"binary-expr","locations":[{"start":{"line":68,"column":23},"end":{"line":68,"column":47}},{"start":{"line":68,"column":51},"end":{"line":68,"column":53}}],"line":68},"13":{"loc":{"start":{"line":69,"column":23},"end":{"line":69,"column":53}},"type":"binary-expr","locations":[{"start":{"line":69,"column":23},"end":{"line":69,"column":47}},{"start":{"line":69,"column":51},"end":{"line":69,"column":53}}],"line":69},"14":{"loc":{"start":{"line":74,"column":23},"end":{"line":74,"column":53}},"type":"binary-expr","locations":[{"start":{"line":74,"column":23},"end":{"line":74,"column":47}},{"start":{"line":74,"column":51},"end":{"line":74,"column":53}}],"line":74},"15":{"loc":{"start":{"line":75,"column":23},"end":{"line":75,"column":53}},"type":"binary-expr","locations":[{"start":{"line":75,"column":23},"end":{"line":75,"column":47}},{"start":{"line":75,"column":51},"end":{"line":75,"column":53}}],"line":75},"16":{"loc":{"start":{"line":82,"column":8},"end":{"line":82,"column":null}},"type":"if","locations":[{"start":{"line":82,"column":8},"end":{"line":82,"column":null}},{"start":{},"end":{}}],"line":82},"17":{"loc":{"start":{"line":82,"column":32},"end":{"line":82,"column":60}},"type":"cond-expr","locations":[{"start":{"line":82,"column":54},"end":{"line":82,"column":56}},{"start":{"line":82,"column":59},"end":{"line":82,"column":60}}],"line":82},"18":{"loc":{"start":{"line":83,"column":8},"end":{"line":83,"column":null}},"type":"if","locations":[{"start":{"line":83,"column":8},"end":{"line":83,"column":null}},{"start":{},"end":{}}],"line":83},"19":{"loc":{"start":{"line":83,"column":32},"end":{"line":83,"column":60}},"type":"cond-expr","locations":[{"start":{"line":83,"column":54},"end":{"line":83,"column":55}},{"start":{"line":83,"column":58},"end":{"line":83,"column":60}}],"line":83},"20":{"loc":{"start":{"line":98,"column":4},"end":{"line":100,"column":null}},"type":"if","locations":[{"start":{"line":98,"column":4},"end":{"line":100,"column":null}},{"start":{},"end":{}}],"line":98},"21":{"loc":{"start":{"line":98,"column":8},"end":{"line":98,"column":51}},"type":"binary-expr","locations":[{"start":{"line":98,"column":8},"end":{"line":98,"column":22}},{"start":{"line":98,"column":26},"end":{"line":98,"column":51}}],"line":98},"22":{"loc":{"start":{"line":103,"column":4},"end":{"line":108,"column":null}},"type":"if","locations":[{"start":{"line":103,"column":4},"end":{"line":108,"column":null}},{"start":{},"end":{}}],"line":103},"23":{"loc":{"start":{"line":103,"column":8},"end":{"line":103,"column":53}},"type":"binary-expr","locations":[{"start":{"line":103,"column":8},"end":{"line":103,"column":23}},{"start":{"line":103,"column":27},"end":{"line":103,"column":53}}],"line":103},"24":{"loc":{"start":{"line":106,"column":19},"end":{"line":106,"column":75}},"type":"binary-expr","locations":[{"start":{"line":106,"column":19},"end":{"line":106,"column":30}},{"start":{"line":106,"column":34},"end":{"line":106,"column":75}}],"line":106},"25":{"loc":{"start":{"line":119,"column":4},"end":{"line":119,"column":null}},"type":"if","locations":[{"start":{"line":119,"column":4},"end":{"line":119,"column":null}},{"start":{},"end":{}}],"line":119}},"s":{"0":13,"1":13,"2":53,"3":53,"4":53,"5":15,"6":15,"7":15,"8":0,"9":53,"10":53,"11":53,"12":40,"13":13,"14":4,"15":4,"16":4,"17":1,"18":1,"19":1,"20":1,"21":1,"22":1,"23":5,"24":5,"25":5,"26":1,"27":1,"28":1,"29":1,"30":1,"31":1,"32":1,"33":1,"34":0,"35":0,"36":13,"37":13,"38":10,"39":10,"40":1,"41":9,"42":9,"43":5,"44":16,"45":8,"46":2,"47":6,"48":6,"49":8,"50":8,"51":3,"52":5,"53":5,"54":6,"55":5,"56":5},"f":{"0":13,"1":53,"2":9,"3":16,"4":6,"5":8,"6":6,"7":5},"b":{"0":[13],"1":[53,48,48,48,48],"2":[53,21],"3":[15,38],"4":[53,53],"5":[0,15],"6":[0,0],"7":[53,0],"8":[53,0],"9":[40,13],"10":[20,20],"11":[13,1,1,5,1,1,0],"12":[1,0],"13":[1,0],"14":[1,0],"15":[1,0],"16":[3,10],"17":[3,0],"18":[9,1],"19":[4,5],"20":[5,4],"21":[9,8],"22":[2,6],"23":[8,8],"24":[6,6],"25":[3,5]},"meta":{"lastBranch":26,"lastFunction":8,"lastStatement":57,"seen":{"f:17:16:17:28":0,"b:17:61:17:65":0,"s:18:32:18:42":0,"s:20:4:85:Infinity":1,"f:20:30:20:31":1,"s:23:40:26:9":2,"b:23:40:23:48:24:13:24:28:24:32:24:59:25:13:25:29:25:33:25:61":1,"s:27:30:27:70":3,"b:27:30:27:46:27:50:27:70":2,"b:29:8:37:Infinity:undefined:undefined:undefined:undefined":3,"s:29:8:37:Infinity":4,"b:29:12:29:35:29:39:29:52":4,"s:30:26:30:47":5,"s:31:26:31:47":6,"b:33:12:36:Infinity:undefined:undefined:undefined:undefined":5,"s:33:12:36:Infinity":7,"s:35:16:35:39":8,"b:35:32:35:34:35:37:35:38":6,"s:41:24:41:54":9,"b:41:24:41:49:41:53:41:54":7,"s:42:24:42:54":10,"b:42:24:42:49:42:53:42:54":8,"b:44:8:46:Infinity:undefined:undefined:undefined:undefined":9,"s:44:8:46:Infinity":11,"s:45:12:45:Infinity":12,"b:45:43:45:60:45:65:45:82":10,"b:51:12:54:Infinity:55:12:58:Infinity:59:12:62:Infinity:63:12:66:Infinity:67:12:70:Infinity:71:12:76:Infinity:77:12:79:Infinity":11,"s:50:8:80:Infinity":13,"s:52:16:52:Infinity":14,"s:53:16:53:Infinity":15,"s:54:16:54:Infinity":16,"s:56:16:56:Infinity":17,"s:57:16:57:Infinity":18,"s:58:16:58:Infinity":19,"s:60:16:60:Infinity":20,"s:61:16:61:Infinity":21,"s:62:16:62:Infinity":22,"s:64:16:64:Infinity":23,"s:65:16:65:Infinity":24,"s:66:16:66:Infinity":25,"s:68:16:68:Infinity":26,"b:68:23:68:47:68:51:68:53":12,"s:69:16:69:Infinity":27,"b:69:23:69:47:69:51:69:53":13,"s:70:16:70:Infinity":28,"s:72:32:72:58":29,"s:73:32:73:58":30,"s:74:16:74:Infinity":31,"b:74:23:74:47:74:51:74:53":14,"s:75:16:75:Infinity":32,"b:75:23:75:47:75:51:75:53":15,"s:76:16:76:Infinity":33,"s:78:16:78:Infinity":34,"s:79:16:79:Infinity":35,"b:82:8:82:Infinity:undefined:undefined:undefined:undefined":16,"s:82:8:82:Infinity":36,"s:82:25:82:Infinity":37,"b:82:54:82:56:82:59:82:60":17,"b:83:8:83:Infinity:undefined:undefined:undefined:undefined":18,"s:83:8:83:Infinity":38,"s:83:25:83:Infinity":39,"b:83:54:83:55:83:58:83:60":19,"s:84:8:84:Infinity":40,"f:94:16:94:30":2,"s:95:19:95:27":41,"b:98:4:100:Infinity:undefined:undefined:undefined:undefined":20,"s:98:4:100:Infinity":42,"b:98:8:98:22:98:26:98:51":21,"s:99:8:99:Infinity":43,"f:99:35:99:36":3,"s:99:40:99:76":44,"b:103:4:108:Infinity:undefined:undefined:undefined:undefined":22,"s:103:4:108:Infinity":45,"b:103:8:103:23:103:27:103:53":23,"s:104:8:107:Infinity":46,"f:104:35:104:36":4,"s:105:32:105:54":47,"s:106:12:106:Infinity":48,"b:106:19:106:30:106:34:106:75":24,"s:110:4:110:Infinity":49,"f:118:16:118:31":5,"b:119:4:119:Infinity:undefined:undefined:undefined:undefined":25,"s:119:4:119:Infinity":50,"s:119:22:119:Infinity":51,"s:121:24:121:26":52,"s:122:4:126:Infinity":53,"f:122:40:122:41":6,"s:123:8:125:Infinity":54,"f:123:25:123:26":7,"s:124:12:124:Infinity":55,"s:127:4:127:Infinity":56}}}
}
